#
# A fatal error has been detected by the Java Runtime Environment:
#
#  EXCEPTION_ACCESS_VIOLATION (0xc0000005) at pc=0x00007ffe2650aa89, pid=32492, tid=6080
#
# JRE version: Java(TM) SE Runtime Environment (24.0.1+9) (build 24.0.1+9-30)
# Java VM: Java HotSpot(TM) 64-Bit Server VM (24.0.1+9-30, mixed mode, sharing, tiered, compressed oops, compressed class ptrs, g1 gc, windows-amd64)
# Problematic frame:
# C  [awt.dll+0xdaa89]
#
# No core dump will be written. Minidumps are not enabled by default on client versions of Windows
#
# If you would like to submit a bug report, please visit:
#   https://bugreport.java.com/bugreport/crash.jsp
# The crash happened outside the Java Virtual Machine in native code.
# See problematic frame for where to report the bug.
#

---------------  S U M M A R Y ------------

Command Line: io.qameta.allure.CommandLine serve C:\Users\OluwasegunOjeyinka\PycharmProjects\AdminELPortal\AllureReport

Host: Intel(R) Core(TM) Ultra 7 165U, 14 cores, 15G,  Windows 11 , 64 bit Build 26100 (10.0.26100.6725)
Time: Tue Nov 18 12:46:25 2025 Pacific Standard Time elapsed time: 3647.318645 seconds (0d 1h 0m 47s)

---------------  T H R E A D  ---------------

Current thread (0x00000119080a0620):  JavaThread "AWT-EventQueue-0"        [_thread_in_native, id=6080, stack(0x00000012b1000000,0x00000012b1100000) (1024K)]

Stack: [0x00000012b1000000,0x00000012b1100000],  sp=0x00000012b10fede0,  free space=1019k
Native frames: (J=compiled Java code, j=interpreted, Vv=VM code, C=native code)
C  [awt.dll+0xdaa89]  (no source info available)
C  [awt.dll+0xd9e48]  (no source info available)
C  0x00000118afc1ce20  (no source info available)

The last pc belongs to native method entry point (kind = native) (printed below).
Java frames: (J=compiled Java code, j=interpreted, Vv=VM code)
j  sun.awt.Win32GraphicsConfig.getBounds(I)Ljava/awt/Rectangle;+0 java.desktop@24.0.1
j  sun.awt.Win32GraphicsConfig.getBounds()Ljava/awt/Rectangle;+8 java.desktop@24.0.1
j  sun.awt.Win32GraphicsDevice.displayChanged()V+23 java.desktop@24.0.1
j  sun.awt.Win32GraphicsEnvironment.displayChanged()V+271 java.desktop@24.0.1
j  sun.awt.windows.WToolkit.lambda$displayChanged$0()V+15 java.desktop@24.0.1
j  sun.awt.windows.WToolkit$$Lambda+0x00000118c13456d8.run()V+0 java.desktop@24.0.1
j  java.awt.event.InvocationEvent.dispatch()V+47 java.desktop@24.0.1
j  java.awt.EventQueue.dispatchEventImpl(Ljava/awt/AWTEvent;Ljava/lang/Object;)V+21 java.desktop@24.0.1
j  java.awt.EventQueue.dispatchEvent(Ljava/awt/AWTEvent;)V+22 java.desktop@24.0.1
j  java.awt.EventDispatchThread.pumpOneEventForFilters(I)V+81 java.desktop@24.0.1
j  java.awt.EventDispatchThread.pumpEventsForFilter(ILjava/awt/Conditional;Ljava/awt/EventFilter;)V+35 java.desktop@24.0.1
j  java.awt.EventDispatchThread.pumpEventsForHierarchy(ILjava/awt/Conditional;Ljava/awt/Component;)V+11 java.desktop@24.0.1
j  java.awt.EventDispatchThread.pumpEvents(ILjava/awt/Conditional;)V+4 java.desktop@24.0.1
j  java.awt.EventDispatchThread.pumpEvents(Ljava/awt/Conditional;)V+3 java.desktop@24.0.1
j  java.awt.EventDispatchThread.run()V+9 java.desktop@24.0.1
v  ~StubRoutines::call_stub 0x00000118afc10fcd

siginfo: EXCEPTION_ACCESS_VIOLATION (0xc0000005), reading address 0x0000000000000028


Registers:
RAX=0x0000000000000000, RBX=0x0000011906d57550, RCX=0x0000000000000000, RDX=0x0000000000000000
RSP=0x00000012b10fede0, RBP=0x0000000000000000, RSI=0x0000000000000000, RDI=0x0000000000000000
R8 =0x0000000000000001, R9 =0x00000012b0d85000, R10=0x0000011905fee5a0, R11=0x0000011902af7de8
R12=0x0000000000000000, R13=0x0000011906bfdf38, R14=0x00000119078dbf40, R15=0x0000000000000000
RIP=0x00007ffe2650aa89, EFLAGS=0x0000000000010246

XMM[0]=0x0000000000000000 0x0000000000000000
XMM[1]=0x0000000000000000 0x00000012b10feeb0
XMM[2]=0x00007ffd7befe7c8 0x0000011905043008
XMM[3]=0x0000000000000040 0x000000000000003b
XMM[4]=0x0000000000000000 0x0000000000000000
XMM[5]=0x00000119080a0620 0x00000012b10fd901
XMM[6]=0x0000000000000000 0x0000000000000000
XMM[7]=0x0000000000000000 0x0000000000000000
XMM[8]=0x0000000000000000 0x0000000000000000
XMM[9]=0x0000000000000000 0x0000000000000000
XMM[10]=0x0000000000000000 0x0000000000000000
XMM[11]=0x0000000000000000 0x0000000000000000
XMM[12]=0x0000000000000000 0x0000000000000000
XMM[13]=0x0000000000000000 0x0000000000000000
XMM[14]=0x0000000000000000 0x0000000000000000
XMM[15]=0x0000000000000000 0x0000000000000000
  MXCSR=0x00001fa0


Register to memory mapping:

RAX=0x0 is null
RBX=0x0000011906d57550 points into unknown readable memory: 0x000001190735a910 | 10 a9 35 07 19 01 00 00
RCX=0x0 is null
RDX=0x0 is null
RSP=0x00000012b10fede0 is pointing into the stack for thread: 0x00000119080a0620
RBP=0x0 is null
RSI=0x0 is null
RDI=0x0 is null
R8 =0x0000000000000001 is an unknown value
R9 =0x00000012b0d85000 points into unknown readable memory: 0x0000000000000000 | 00 00 00 00 00 00 00 00
R10=0x0000011905fee5a0 points into unknown readable memory: 0x0000001e00000003 | 03 00 00 00 1e 00 00 00
R11={method} {0x0000011902af7df0} '<init>' '(IIII)V' in 'java/awt/Rectangle'
R12=0x0 is null
R13=0x0000011906bfdf38 points into unknown readable memory: 0x0000011902af7de8 | e8 7d af 02 19 01 00 00
R14=0x00000119078dbf40 points into unknown readable memory: 0x00000007fff87d18 | 18 7d f8 ff 07 00 00 00
R15=0x0 is null

Top of Stack: (sp=0x00000012b10fede0)
0x00000012b10fede0:   00007ffe26567838 0000011906d57550   8xV&....Pu......
0x00000012b10fedf0:   00000119080a09e8 0000011906d57550   ........Pu......
0x00000012b10fee00:   00000119080a09e8 00007ffe26509e48   ........H.P&....
0x00000012b10fee10:   0000011906d57550 0000011906d57550   Pu......Pu......
0x00000012b10fee20:   0000000000000000 00000119080a09e8   ................
0x00000012b10fee30:   00000007fff4b100 0000011902ab5ee0   .........^......
0x00000012b10fee40:   0000000000000000 00000012b10fee60   ........`.......
0x00000012b10fee50:   0000000000000000 0000000000000000   ................
0x00000012b10fee60:   00002d6f73a85823 00000007fff86728   #X.so-..(g......
0x00000012b10fee70:   00000119080a0620 00000012b10fef58    .......X.......
0x00000012b10fee80:   0000011902af3ac8 0000000000000000   .:..............
0x00000012b10fee90:   0000000000000001 0000000000000000   ................
0x00000012b10feea0:   00000012b10fef30 00000118afc1ce20   0....... .......
0x00000012b10feeb0:   00000012b10feec8 0000011902af3ac8   .........:......
0x00000012b10feec0:   00000118afc18800 0000000000000000   ................
0x00000012b10feed0:   00000007fff86728 00000007fff881d8   (g..............
0x00000012b10feee0:   00000007fff881d8 fffffffffffffff7   ................
0x00000012b10feef0:   0000000000000000 0000000000000005   ................
0x00000012b10fef00:   0000011902af6550 0000000000000000   Pe..............
0x00000012b10fef10:   00000007fff878e8 0000011902af3ac8   .x.......:......
0x00000012b10fef20:   0000000000000000 00000012b10fef50   ........P.......
0x00000012b10fef30:   00000012b10fefa8 00000118afc1899a   ................
0x00000012b10fef40:   0000000000000000 00000118afc1a43a   ........:.......
0x00000012b10fef50:   0000000000000000 00000007fff881d8   ................
0x00000012b10fef60:   fffffffffffffff7 0000011902af3b70   ........p;......
0x00000012b10fef70:   0000000000000002 0000011902af6550   ........Pe......
0x00000012b10fef80:   0000000000000000 00000007fff878e8   .........x......
0x00000012b10fef90:   0000011902af3b88 fffffffffffffff5   .;..............
0x00000012b10fefa0:   00000012b10fefb8 00000012b10ff008   ................
0x00000012b10fefb0:   00000118afc1899a 00000007fff881d8   ................
0x00000012b10fefc0:   fffffffffffffff7 0000011902ab5d37   ........7]......
0x00000012b10fefd0:   0000000000000003 0000011902ab74b8   .........t......

Instructions: (pc=0x00007ffe2650aa89)
  0x00007ffe2650a989:   cc cc cc cc cc cc cc 48 89 5c 24 08 48 89 6c 24
  0x00007ffe2650a999:   10 48 89 74 24 18 57 48 83 ec 20 41 8b f8 0f b6
  0x00007ffe2650a9a9:   f2 48 8b e9 e8 9e d3 f4 ff 48 8b d8 48 89 44 24
  0x00007ffe2650a9b9:   48 41 b8 01 00 00 00 8b d7 48 8b c8 e8 06 d3 f4
  0x00007ffe2650a9c9:   ff 48 8b c8 44 0f b6 c6 48 8b d5 e8 97 fa ff ff
  0x00007ffe2650a9d9:   48 8b f8 48 8b cb e8 2c d5 f4 ff 90 48 8b c7 48
  0x00007ffe2650a9e9:   8b 5c 24 30 48 8b 6c 24 38 48 8b 74 24 40 48 83
  0x00007ffe2650a9f9:   c4 20 5f c3 cc cc cc 48 8b 49 28 e9 07 07 00 00
  0x00007ffe2650aa09:   cc cc cc cc cc cc cc 48 89 5c 24 08 57 48 83 ec
  0x00007ffe2650aa19:   20 8b f9 e8 2f d3 f4 ff 48 8b d8 48 89 44 24 38
  0x00007ffe2650aa29:   41 b8 01 00 00 00 8b d7 48 8b c8 e8 97 d2 f4 ff
  0x00007ffe2650aa39:   48 8b 08 8b 39 48 8b cb e8 ca d4 f4 ff 90 8b c7
  0x00007ffe2650aa49:   48 8b 5c 24 30 48 83 c4 20 5f c3 cc cc cc cc cc
  0x00007ffe2650aa59:   cc cc cc cc cc cc cc 48 89 5c 24 08 57 48 83 ec
  0x00007ffe2650aa69:   20 8b f9 e8 df d2 f4 ff 48 8b d8 48 89 44 24 38
  0x00007ffe2650aa79:   41 b8 01 00 00 00 8b d7 48 8b c8 e8 47 d2 f4 ff
=>0x00007ffe2650aa89:   48 8b 78 28 48 8b cb e8 7b d4 f4 ff 90 48 8b c7
  0x00007ffe2650aa99:   48 8b 5c 24 30 48 83 c4 20 5f c3 cc cc cc cc cc
  0x00007ffe2650aaa9:   cc cc cc cc cc cc cc 48 89 5c 24 08 57 48 83 ec
  0x00007ffe2650aab9:   20 8b f9 e8 8f d2 f4 ff 48 8b d8 48 89 44 24 38
  0x00007ffe2650aac9:   41 b8 01 00 00 00 8b d7 48 8b c8 e8 f7 d1 f4 ff
  0x00007ffe2650aad9:   48 8b 78 30 48 8b cb e8 2b d4 f4 ff 90 48 8b c7
  0x00007ffe2650aae9:   48 8b 5c 24 30 48 83 c4 20 5f c3 cc cc cc cc cc
  0x00007ffe2650aaf9:   cc cc cc cc cc cc cc 48 89 5c 24 08 57 48 83 ec
  0x00007ffe2650ab09:   20 8b f9 e8 3f d2 f4 ff 48 8b d8 48 89 44 24 38
  0x00007ffe2650ab19:   41 b8 01 00 00 00 8b d7 48 8b c8 e8 a7 d1 f4 ff
  0x00007ffe2650ab29:   48 8b 78 08 48 85 ff 74 07 48 8b bf 08 0c 00 00
  0x00007ffe2650ab39:   48 8b cb e8 cf d3 f4 ff 90 48 8b c7 48 8b 5c 24
  0x00007ffe2650ab49:   30 48 83 c4 20 5f c3 f3 0f 10 41 48 c3 cc cc cc
  0x00007ffe2650ab59:   cc cc cc cc cc cc cc f3 0f 10 41 4c c3 cc cc cc
  0x00007ffe2650ab69:   cc cc cc cc cc cc cc 48 89 5c 24 10 48 89 74 24
  0x00007ffe2650ab79:   18 55 57 41 56 48 8d 6c 24 e0 48 81 ec 20 01 00


Stack slot to memory mapping:

stack at sp + 0 slots: 0x00007ffe26567838 awt.dll
stack at sp + 1 slots: 0x0000011906d57550 points into unknown readable memory: 0x000001190735a910 | 10 a9 35 07 19 01 00 00
stack at sp + 2 slots: 0x00000119080a09e8 points into unknown readable memory: 0x00007ffd7c2f17b0 | b0 17 2f 7c fd 7f 00 00
stack at sp + 3 slots: 0x0000011906d57550 points into unknown readable memory: 0x000001190735a910 | 10 a9 35 07 19 01 00 00
stack at sp + 4 slots: 0x00000119080a09e8 points into unknown readable memory: 0x00007ffd7c2f17b0 | b0 17 2f 7c fd 7f 00 00
stack at sp + 5 slots: 0x00007ffe26509e48 awt.dll
stack at sp + 6 slots: 0x0000011906d57550 points into unknown readable memory: 0x000001190735a910 | 10 a9 35 07 19 01 00 00
stack at sp + 7 slots: 0x0000011906d57550 points into unknown readable memory: 0x000001190735a910 | 10 a9 35 07 19 01 00 00

Lock stack of current Java thread (top to bottom):

native method entry point (kind = native)  [0x00000118afc1ca40, 0x00000118afc1d478]  2616 bytes
[MachCode]
  0x00000118afc1ca40: 488b 4b08 | 0fb7 492e | 584c 8d74 | ccf8 6800 | 0000 0068 | 0000 0000 | 5055 488b | ec41 5568 
  0x00000118afc1ca60: 0000 0000 | 4c8b 6b08 | 4d8d 6d38 | 5348 8b53 | 0848 8b52 | 0848 8b52 | 1848 8b52 | 7048 8b12 
  0x00000118afc1ca80: 5248 8b53 | 1048 85d2 | 0f84 0700 | 0000 4881 | c208 0100 | 0052 488b | 5308 488b | 5208 488b 
  0x00000118afc1caa0: 5210 5249 | 8bc6 482b | c548 c1e8 | 0350 6800 | 0000 0068 | f7ff ffff | 41c6 8771 | 0400 0001 
  0x00000118afc1cac0: 488b 4310 | 4885 c074 | 208b 88cc | 0000 0083 | c102 8988 | cc00 0000 | 2388 e000 | 0000 0f84 
  0x00000118afc1cae0: e408 0000 | e9cd 0000 | 0048 8b43 | 1848 85c0 | 0f85 b000 | 0000 e805 | 0000 00e9 | 9900 0000 
  0x00000118afc1cb00: 488b d348 | 8d44 2408 | 4c89 6dc0 | 498b cfc5 | f877 4989 | afb8 0300 | 0049 8987 | a803 0000 
  0x00000118afc1cb20: 4883 ec20 | 40f6 c40f | 0f84 1900 | 0000 4883 | ec08 48b8 | 6030 ad7b | fd7f 0000 | ffd0 4883 
  0x00000118afc1cb40: c408 e90c | 0000 0048 | b860 30ad | 7bfd 7f00 | 00ff d048 | 83c4 2049 | c787 a803 | 0000 0000 
  0x00000118afc1cb60: 0000 49c7 | 87b8 0300 | 0000 0000 | 0049 c787 | b003 0000 | 0000 0000 | c5f8 7749 | 837f 0800 
  0x00000118afc1cb80: 0f84 0500 | 0000 e935 | 43ff ff4c | 8b6d c04c | 8b75 c84e | 8d74 f500 | c348 8b43 | 1848 85c0 
  0x00000118afc1cba0: 0f84 1000 | 0000 8b08 | 83c1 0289 | 0823 4814 | 0f84 1208 | 0000 493b | a7f0 0400 | 000f 8748 
  0x00000118afc1cbc0: 0000 0089 | 8424 00f0 | ffff 8984 | 2400 e0ff | ff89 8424 | 00d0 ffff | 8984 2400 | c0ff ff89 
  0x00000118afc1cbe0: 8424 00b0 | ffff 8984 | 2400 a0ff | ff89 8424 | 0090 ffff | 8984 2400 | 80ff ff49 | 3ba7 e804 
  0x00000118afc1cc00: 0000 7607 | 4989 a7f0 | 0400 0041 | c687 7104 | 0000 0048 | 8b5d e84c | 8b5b 0845 | 0fb7 5b2e 
  0x00000118afc1cc20: 41c1 e303 | 492b e348 | 83ec 2048 | 83e4 f04c | 8b5b 604d | 85db 0f85 | ab00 0000 | e805 0000 
  0x00000118afc1cc40: 00e9 9900 | 0000 488b | d348 8d44 | 2408 4c89 | 6dc0 498b | cfc5 f877 | 4989 afb8 | 0300 0049 
  0x00000118afc1cc60: 8987 a803 | 0000 4883 | ec20 40f6 | c40f 0f84 | 1900 0000 | 4883 ec08 | 48b8 a05a | ad7b fd7f 
  0x00000118afc1cc80: 0000 ffd0 | 4883 c408 | e90c 0000 | 0048 b8a0 | 5aad 7bfd | 7f00 00ff | d048 83c4 | 2049 c787 
  0x00000118afc1cca0: a803 0000 | 0000 0000 | 49c7 87b8 | 0300 0000 | 0000 0049 | c787 b003 | 0000 0000 | 0000 c5f8 
  0x00000118afc1ccc0: 7749 837f | 0800 0f84 | 0500 0000 | e9ef 41ff | ff4c 8b6d | c04c 8b75 | c84e 8d74 | f500 c348 
  0x00000118afc1cce0: 8b5d e84c | 8b5b 6041 | ffd3 488b | 5de8 4889 | 4518 448b | 5b28 41f6 | c308 0f84 | 1b00 0000 
  0x00000118afc1cd00: 4c8b 5b08 | 4d8b 5b08 | 4d8b 5b18 | 4d8b 5b70 | 4d8b 1b4c | 895d 1048 | 8d55 1048 | 8b43 5849 
  0x00000118afc1cd20: ba40 70e6 | 7bfd 7f00 | 0049 3bc2 | 0f85 ab00 | 0000 e805 | 0000 00e9 | 9900 0000 | 488b d348 
  0x00000118afc1cd40: 8d44 2408 | 4c89 6dc0 | 498b cfc5 | f877 4989 | afb8 0300 | 0049 8987 | a803 0000 | 4883 ec20 
  0x00000118afc1cd60: 40f6 c40f | 0f84 1900 | 0000 4883 | ec08 48b8 | a05a ad7b | fd7f 0000 | ffd0 4883 | c408 e90c 
  0x00000118afc1cd80: 0000 0048 | b8a0 5aad | 7bfd 7f00 | 00ff d048 | 83c4 2049 | c787 a803 | 0000 0000 | 0000 49c7 
  0x00000118afc1cda0: 87b8 0300 | 0000 0000 | 0049 c787 | b003 0000 | 0000 0000 | c5f8 7749 | 837f 0800 | 0f84 0500 
  0x00000118afc1cdc0: 0000 e9f9 | 40ff ff4c | 8b6d c04c | 8b75 c84e | 8d74 f500 | c348 8b5d | e848 8b43 | 5849 8d8f 
  0x00000118afc1cde0: c803 0000 | 4c8d 15d5 | 0000 004d | 8997 b003 | 0000 c5f8 | 7749 89af | b803 0000 | 4989 a7a8 
  0x00000118afc1ce00: 0300 0041 | c787 5404 | 0000 0400 | 0000 493b | a748 0500 | 0076 0749 | 89a7 4805 | 0000 ffd0 
  0x00000118afc1ce20: 493b a748 | 0500 0072 | 0b49 c787 | 4805 0000 | 0000 0000 | c5f8 7748 | 83ec 10c5 | fb11 0424 
  0x00000118afc1ce40: 4883 ec10 | 4889 0424 | 48c7 4424 | 0800 0000 | 0041 c787 | 5404 0000 | 0500 0000 | f083 4424 
  0x00000118afc1ce60: c000 493b | 6f28 0f87 | 0e00 0000 | 4183 bf50 | 0400 0000 | 0f84 2000 | 0000 498b | cf4c 8be4 
  0x00000118afc1ce80: 4883 ec20 | 4883 e4f0 | 48b8 d0b9 | ae7b fd7f | 0000 ffd0 | 498b e44d | 33e4 41c7 | 8754 0400 
  0x00000118afc1cea0: 0008 0000 | 004d 8b97 | 7005 0000 | 4983 fa00 | 7435 49c7 | 8770 0500 | 0000 0000 | 0041 ffe2 
  0x00000118afc1cec0: 49ba 00bb | c1af 1801 | 0000 41ff | d248 83ec | 10c5 fb11 | 0424 4883 | ec10 4889 | 0424 48c7 
  0x00000118afc1cee0: 4424 0800 | 0000 0049 | c787 a803 | 0000 0000 | 0000 49c7 | 87b8 0300 | 0000 0000 | 0049 c787 
  0x00000118afc1cf00: b003 0000 | 0000 0000 | c5f8 774d | 8b9f 3804 | 0000 41c7 | 8300 0100 | 0000 0000 | 0049 bb3a 
  0x00000118afc1cf20: a4c1 af18 | 0100 004c | 3b5d 180f | 8555 0100 | 0048 8b04 | 2448 83c4 | 1048 85c0 | 0f84 2f01 
  0x00000118afc1cf40: 0000 a803 | 0f85 0800 | 0000 488b | 00e9 1f01 | 0000 a801 | 0f85 0900 | 0000 488b | 40fe e90e 
  0x00000118afc1cf60: 0100 0048 | 8b40 ff41 | 807f 4800 | 0f84 ff00 | 0000 4883 | f800 0f84 | f500 0000 | 4d8b 5f38 
  0x00000118afc1cf80: 4d85 db0f | 8414 0000 | 0049 83eb | 084d 895f | 384d 035f | 4049 8903 | e9d4 0000 | 0048 83ec 
  0x00000118afc1cfa0: 7048 8904 | 2448 894c | 2408 4889 | 5424 104c | 8944 2418 | 4c89 4c24 | 204c 8954 | 2428 4c89 
  0x00000118afc1cfc0: 5c24 30c5 | fb11 4424 | 40c5 fb11 | 4c24 48c5 | fb11 5424 | 50c5 fb11 | 5c24 58c5 | fb11 6424 
  0x00000118afc1cfe0: 60c5 fb11 | 6c24 6849 | 8bd7 488b | c848 83ec | 2040 f6c4 | 0f0f 8419 | 0000 0048 | 83ec 0848 
  0x00000118afc1d000: b890 49a1 | 7bfd 7f00 | 00ff d048 | 83c4 08e9 | 0c00 0000 | 48b8 9049 | a17b fd7f | 0000 ffd0 
  0x00000118afc1d020: 4883 c420 | c5fb 106c | 2468 c5fb | 1064 2460 | c5fb 105c | 2458 c5fb | 1054 2450 | c5fb 104c 
  0x00000118afc1d040: 2448 c5fb | 1044 2440 | 4c8b 5c24 | 304c 8b54 | 2428 4c8b | 4c24 204c | 8b44 2418 | 488b 5424 
  0x00000118afc1d060: 1048 8b4c | 2408 488b | 0424 4883 | c470 c5f8 | 7748 8945 | 1048 83ec | 1048 8904 | 2448 c744 
  0x00000118afc1d080: 2408 0000 | 0000 4183 | bfd0 0400 | 0002 0f85 | bf00 0000 | 4881 ec80 | 0000 0048 | 8944 2478 
  0x00000118afc1d0a0: 4889 4c24 | 7048 8954 | 2468 4889 | 5c24 6048 | 896c 2450 | 4889 7424 | 4848 897c | 2440 4c89 
  0x00000118afc1d0c0: 4424 384c | 894c 2430 | 4c89 5424 | 284c 895c | 2420 4c89 | 6424 184c | 896c 2410 | 4c89 7424 
  0x00000118afc1d0e0: 084c 893c | 244c 8be4 | 4883 ec20 | 4883 e4f0 | 48b8 d056 | e67b fd7f | 0000 ffd0 | 498b e44c 
  0x00000118afc1d100: 8b3c 244c | 8b74 2408 | 4c8b 6c24 | 104c 8b64 | 2418 4c8b | 5c24 204c | 8b54 2428 | 4c8b 4c24 
  0x00000118afc1d120: 304c 8b44 | 2438 488b | 7c24 4048 | 8b74 2448 | 488b 6c24 | 5048 8b5c | 2460 488b | 5424 6848 
  0x00000118afc1d140: 8b4c 2470 | 488b 4424 | 7848 81c4 | 8000 0000 | 4d33 e448 | 8b5d e84c | 8b6b 084d | 8d6d 3849 
  0x00000118afc1d160: 837f 0800 | 0f84 bb00 | 0000 e805 | 0000 00e9 | 9600 0000 | 488d 4424 | 084c 896d | c049 8bcf 
  0x00000118afc1d180: c5f8 7749 | 89af b803 | 0000 4989 | 87a8 0300 | 0048 83ec | 2040 f6c4 | 0f0f 8419 | 0000 0048 
  0x00000118afc1d1a0: 83ec 0848 | b840 79ad | 7bfd 7f00 | 00ff d048 | 83c4 08e9 | 0c00 0000 | 48b8 4079 | ad7b fd7f 
  0x00000118afc1d1c0: 0000 ffd0 | 4883 c420 | 49c7 87a8 | 0300 0000 | 0000 0049 | c787 b803 | 0000 0000 | 0000 49c7 
  0x00000118afc1d1e0: 87b0 0300 | 0000 0000 | 00c5 f877 | 4983 7f08 | 000f 8405 | 0000 00e9 | c43c ffff | 4c8b 6dc0 
  0x00000118afc1d200: 4c8b 75c8 | 4e8d 74f5 | 00c3 48b9 | 08ec 0c7c | fd7f 0000 | 4883 e4f0 | 48b8 30a8 | d37b fd7f 
  0x00000118afc1d220: 0000 ffd0 | f444 8b5b | 2841 f6c3 | 200f 8472 | 0100 0048 | 8d55 a84c | 8b5a 084d | 85db 0f85 
  0x00000118afc1d240: bb00 0000 | e805 0000 | 00e9 9600 | 0000 488d | 4424 084c | 896d c049 | 8bcf c5f8 | 7749 89af 
  0x00000118afc1d260: b803 0000 | 4989 87a8 | 0300 0048 | 83ec 2040 | f6c4 0f0f | 8419 0000 | 0048 83ec | 0848 b870 
  0x00000118afc1d280: 78ad 7bfd | 7f00 00ff | d048 83c4 | 08e9 0c00 | 0000 48b8 | 7078 ad7b | fd7f 0000 | ffd0 4883 
  0x00000118afc1d2a0: c420 49c7 | 87a8 0300 | 0000 0000 | 0049 c787 | b803 0000 | 0000 0000 | 49c7 87b0 | 0300 0000 
  0x00000118afc1d2c0: 0000 00c5 | f877 4983 | 7f08 000f | 8405 0000 | 00e9 ea3b | ffff 4c8b | 6dc0 4c8b | 75c8 4e8d 
  0x00000118afc1d2e0: 74f5 00c3 | 48b9 08ec | 0c7c fd7f | 0000 4883 | e4f0 48b8 | 30a8 d37b | fd7f 0000 | ffd0 f44c 
  0x00000118afc1d300: 896d c04c | 8b4a 0848 | c742 0800 | 0000 0045 | 8b87 5806 | 0000 4f3b | 4c07 f80f | 8542 0000 
  0x00000118afc1d320: 0041 83af | 5806 0000 | 084f 3b4c | 07f0 0f84 | 2a00 0000 | 498b 01a8 | 020f 8512 | 0000 004c 
  0x00000118afc1d340: 8bc0 4983 | c801 f04d | 0fb1 010f | 840d 0000 | 0041 8387 | 5806 0000 | 08e9 0500 | 0000 e93e 
  0x00000118afc1d360: 0000 004c | 894a 0848 | 8bca 4883 | ec20 40f6 | c40f 0f84 | 1900 0000 | 4883 ec08 | 48b8 904a 
  0x00000118afc1d380: ad7b fd7f | 0000 ffd0 | 4883 c408 | e90c 0000 | 0048 b890 | 4aad 7bfd | 7f00 00ff | d048 83c4 
  0x00000118afc1d3a0: 204c 8b6d | c048 8b04 | 2448 83c4 | 10c5 fb10 | 0424 4883 | c410 4c8b | 5d18 41ff | d34c 8b5d 
  0x00000118afc1d3c0: f8c9 5f49 | 8be3 ffe7 | ba00 0000 | 00e8 0500 | 0000 e996 | 0000 0048 | 8d44 2408 | 4c89 6dc0 
  0x00000118afc1d3e0: 498b cfc5 | f877 4989 | afb8 0300 | 0049 8987 | a803 0000 | 4883 ec20 | 40f6 c40f | 0f84 1900 
  0x00000118afc1d400: 0000 4883 | ec08 48b8 | 303f ad7b | fd7f 0000 | ffd0 4883 | c408 e90c | 0000 0048 | b830 3fad 
  0x00000118afc1d420: 7bfd 7f00 | 00ff d048 | 83c4 2049 | c787 a803 | 0000 0000 | 0000 49c7 | 87b8 0300 | 0000 0000 
  0x00000118afc1d440: 0049 c787 | b003 0000 | 0000 0000 | c5f8 7749 | 837f 0800 | 0f84 0500 | 0000 e961 | 3aff ff4c 
  0x00000118afc1d460: 8b6d c04c | 8b75 c84e | 8d74 f500 | c348 8b5d | e8e9 40f7 | ffff 6690 
[/MachCode]

---------------  P R O C E S S  ---------------

Threads class SMR info:
_java_thread_list=0x0000011906066320, length=18, elements={
0x000001189dab27e0, 0x00000118bf2f88c0, 0x00000118bf2fb010, 0x00000118bf2fbb40,
0x00000118bf2fd220, 0x00000118bf2fe880, 0x00000118bf851480, 0x00000118bf8522e0,
0x00000118bf852e60, 0x00000118bf90d3a0, 0x00000118bf90fb20, 0x00000119080a2ab0,
0x00000119080a2360, 0x00000119080a14c0, 0x00000119080a1c10, 0x000001190809fed0,
0x00000119080a3950, 0x00000119080a0620
}

Java Threads: ( => current thread )
  0x000001189dab27e0 JavaThread "main"                              [_thread_blocked, id=29008, stack(0x00000012b1200000,0x00000012b1300000) (1024K)]
  0x00000118bf2f88c0 JavaThread "Reference Handler"          daemon [_thread_blocked, id=32736, stack(0x00000012b1a00000,0x00000012b1b00000) (1024K)]
  0x00000118bf2fb010 JavaThread "Finalizer"                  daemon [_thread_blocked, id=35724, stack(0x00000012b1b00000,0x00000012b1c00000) (1024K)]
  0x00000118bf2fbb40 JavaThread "Signal Dispatcher"          daemon [_thread_blocked, id=26832, stack(0x00000012b1c00000,0x00000012b1d00000) (1024K)]
  0x00000118bf2fd220 JavaThread "Attach Listener"            daemon [_thread_blocked, id=30436, stack(0x00000012b1d00000,0x00000012b1e00000) (1024K)]
  0x00000118bf2fe880 JavaThread "Service Thread"             daemon [_thread_blocked, id=23896, stack(0x00000012b1e00000,0x00000012b1f00000) (1024K)]
  0x00000118bf851480 JavaThread "Monitor Deflation Thread"   daemon [_thread_blocked, id=21216, stack(0x00000012b1f00000,0x00000012b2000000) (1024K)]
  0x00000118bf8522e0 JavaThread "C2 CompilerThread0"         daemon [_thread_blocked, id=20700, stack(0x00000012b2000000,0x00000012b2100000) (1024K)]
  0x00000118bf852e60 JavaThread "C1 CompilerThread0"         daemon [_thread_blocked, id=12172, stack(0x00000012b2100000,0x00000012b2200000) (1024K)]
  0x00000118bf90d3a0 JavaThread "Notification Thread"        daemon [_thread_blocked, id=30620, stack(0x00000012b2200000,0x00000012b2300000) (1024K)]
  0x00000118bf90fb20 JavaThread "Common-Cleaner"             daemon [_thread_blocked, id=28792, stack(0x00000012b2300000,0x00000012b2400000) (1024K)]
  0x00000119080a2ab0 JavaThread "idle-timeout-task"          daemon [_thread_blocked, id=23792, stack(0x00000012b3f00000,0x00000012b4000000) (1024K)]
  0x00000119080a2360 JavaThread "HTTP-Dispatcher"                   [_thread_in_native, id=34164, stack(0x00000012b4000000,0x00000012b4100000) (1024K)]
  0x00000119080a14c0 JavaThread "Java2D Disposer"            daemon [_thread_blocked, id=15680, stack(0x00000012b4100000,0x00000012b4200000) (1024K)]
  0x00000119080a1c10 JavaThread "AWT-Windows"                daemon [_thread_in_native, id=32016, stack(0x00000012b4300000,0x00000012b4400000) (1024K)]
  0x000001190809fed0 JavaThread "Swing-Shell"                daemon [_thread_blocked, id=32520, stack(0x00000012b4400000,0x00000012b4500000) (1024K)]
  0x00000119080a3950 JavaThread "AWT-Shutdown"                      [_thread_blocked, id=23772, stack(0x00000012b0f00000,0x00000012b1000000) (1024K)]
=>0x00000119080a0620 JavaThread "AWT-EventQueue-0"                  [_thread_in_native, id=6080, stack(0x00000012b1000000,0x00000012b1100000) (1024K)]
Total: 18

Other Threads:
  0x00000118bf2ebb90 VMThread "VM Thread"                           [id=32484, stack(0x00000012b1900000,0x00000012b1a00000) (1024K)]
  0x00000118bf2dc230 WatcherThread "VM Periodic Task Thread"        [id=16216, stack(0x00000012b1800000,0x00000012b1900000) (1024K)]
  0x000001189fea4c10 WorkerThread "GC Thread#0"                     [id=29800, stack(0x00000012b1300000,0x00000012b1400000) (1024K)]
  0x0000011906036c20 WorkerThread "GC Thread#1"                     [id=7476, stack(0x00000012b3300000,0x00000012b3400000) (1024K)]
  0x00000119061a8030 WorkerThread "GC Thread#2"                     [id=28608, stack(0x00000012b3400000,0x00000012b3500000) (1024K)]
  0x00000119061a83e0 WorkerThread "GC Thread#3"                     [id=34196, stack(0x00000012b3500000,0x00000012b3600000) (1024K)]
  0x00000119061a8790 WorkerThread "GC Thread#4"                     [id=23212, stack(0x00000012b3600000,0x00000012b3700000) (1024K)]
  0x00000119061bb580 WorkerThread "GC Thread#5"                     [id=31488, stack(0x00000012b3700000,0x00000012b3800000) (1024K)]
  0x00000119061ba8f0 WorkerThread "GC Thread#6"                     [id=8660, stack(0x00000012b3800000,0x00000012b3900000) (1024K)]
  0x00000119061baca0 WorkerThread "GC Thread#7"                     [id=4104, stack(0x00000012b3900000,0x00000012b3a00000) (1024K)]
  0x0000011908f4fc60 WorkerThread "GC Thread#8"                     [id=15340, stack(0x00000012b3a00000,0x00000012b3b00000) (1024K)]
  0x0000011909309bd0 WorkerThread "GC Thread#9"                     [id=33324, stack(0x00000012b3b00000,0x00000012b3c00000) (1024K)]
  0x00000119075e08d0 WorkerThread "GC Thread#10"                    [id=32864, stack(0x00000012b3c00000,0x00000012b3d00000) (1024K)]
  0x000001189feb9180 ConcurrentGCThread "G1 Main Marker"            [id=29588, stack(0x00000012b1400000,0x00000012b1500000) (1024K)]
  0x000001189febbba0 WorkerThread "G1 Conc#0"                       [id=5444, stack(0x00000012b1500000,0x00000012b1600000) (1024K)]
  0x00000119075e1790 WorkerThread "G1 Conc#1"                       [id=33904, stack(0x00000012b3d00000,0x00000012b3e00000) (1024K)]
  0x00000119075e1ef0 WorkerThread "G1 Conc#2"                       [id=33508, stack(0x00000012b3e00000,0x00000012b3f00000) (1024K)]
  0x00000118bf1917a0 ConcurrentGCThread "G1 Refine#0"               [id=31544, stack(0x00000012b1600000,0x00000012b1700000) (1024K)]
  0x00000118bf191fd0 ConcurrentGCThread "G1 Service"                [id=30640, stack(0x00000012b1700000,0x00000012b1800000) (1024K)]
Total: 19

Threads with active compile tasks:
Total: 0

VM state: not at safepoint (normal execution)

VM Mutex/Monitor currently owned by a thread: None

Heap address: 0x0000000708a00000, size: 3958 MB, Compressed Oops mode: Zero based, Oop shift amount: 3

CDS archive(s) mapped at: [0x00000118c0000000-0x00000118c0d40000-0x00000118c0d40000), size 13893632, SharedBaseAddress: 0x00000118c0000000, ArchiveRelocationMode: 1.
Compressed class space mapped at: 0x00000118c1000000-0x0000011901000000, reserved size: 1073741824
UseCompressedClassPointers 1, UseCompactObjectHeaders 0
Narrow klass pointer bits 32, Max shift 3
Narrow klass base: 0x00000118c0000000, Narrow klass shift: 0
Encoding Range: [0x00000118c0000000 - 0x00000119c0000000), (4294967296 bytes)
Klass Range:    [0x00000118c0000000 - 0x0000011901000000), (1090519040 bytes)
Klass ID Range:  [8 - 1090519033) (1090519025)

GC Precious Log:
 CardTable entry size: 512
 Card Set container configuration: InlinePtr #cards 4 size 8 Array Of Cards #cards 16 size 48 Howl #buckets 8 coarsen threshold 3686 Howl Bitmap #cards 512 size 80 coarsen threshold 460 Card regions per heap region 1 cards per card region 4096
 CPUs: 14 total, 14 available
 Memory: 15828M
 Large Page Support: Disabled
 NUMA Support: Disabled
 Compressed Oops: Enabled (Zero based)
 Heap Region Size: 2M
 Heap Min Capacity: 8M
 Heap Initial Capacity: 248M
 Heap Max Capacity: 3958M
 Pre-touch: Disabled
 Parallel Workers: 11
 Concurrent Workers: 3
 Concurrent Refinement Workers: 11
 Periodic GC: Disabled

Heap:
 garbage-first heap   total reserved 4052992K, committed 55296K, used 14654K [0x0000000708a00000, 0x0000000800000000)
  region size 2048K, 3 young (6144K), 2 survivors (4096K)
 Metaspace       used 31071K, committed 31488K, reserved 1114112K
  class space    used 3307K, committed 3456K, reserved 1048576K

Heap Regions: E=young(eden), S=young(survivor), O=old, HS=humongous(starts), HC=humongous(continues), CS=collection set, F=free, TAMS=top-at-mark-start, PB=parsable bottom
|   0|0x0000000708a00000, 0x0000000708c00000, 0x0000000708c00000|100%| O|  |TAMS 0x0000000708a00000| PB 0x0000000708a00000| Untracked |  0
|   1|0x0000000708c00000, 0x0000000708e00000, 0x0000000708e00000|100%| O|  |TAMS 0x0000000708c00000| PB 0x0000000708c00000| Untracked |  0
|   2|0x0000000708e00000, 0x0000000708ef6ed8, 0x0000000709000000| 48%| O|  |TAMS 0x0000000708e00000| PB 0x0000000708e00000| Untracked |  0
|   3|0x0000000709000000, 0x0000000709000000, 0x0000000709200000|  0%| F|  |TAMS 0x0000000709000000| PB 0x0000000709000000| Untracked |  0
|   4|0x0000000709200000, 0x0000000709200000, 0x0000000709400000|  0%| F|  |TAMS 0x0000000709200000| PB 0x0000000709200000| Untracked |  0
|   5|0x0000000709400000, 0x0000000709400000, 0x0000000709600000|  0%| F|  |TAMS 0x0000000709400000| PB 0x0000000709400000| Untracked |  0
|   6|0x0000000709600000, 0x0000000709758b20, 0x0000000709800000| 67%| S|CS|TAMS 0x0000000709600000| PB 0x0000000709600000| Complete |  0
|   7|0x0000000709800000, 0x0000000709a00000, 0x0000000709a00000|100%| S|CS|TAMS 0x0000000709800000| PB 0x0000000709800000| Complete |  0
|   8|0x0000000709a00000, 0x0000000709a00000, 0x0000000709c00000|  0%| F|  |TAMS 0x0000000709a00000| PB 0x0000000709a00000| Untracked |  0
|   9|0x0000000709c00000, 0x0000000709c00000, 0x0000000709e00000|  0%| F|  |TAMS 0x0000000709c00000| PB 0x0000000709c00000| Untracked |  0
|  10|0x0000000709e00000, 0x0000000709e00000, 0x000000070a000000|  0%| F|  |TAMS 0x0000000709e00000| PB 0x0000000709e00000| Untracked |  0
|  11|0x000000070a000000, 0x000000070a000000, 0x000000070a200000|  0%| F|  |TAMS 0x000000070a000000| PB 0x000000070a000000| Untracked |  0
|  12|0x000000070a200000, 0x000000070a200000, 0x000000070a400000|  0%| F|  |TAMS 0x000000070a200000| PB 0x000000070a200000| Untracked |  0
|  13|0x000000070a400000, 0x000000070a400000, 0x000000070a600000|  0%| F|  |TAMS 0x000000070a400000| PB 0x000000070a400000| Untracked |  0
|  14|0x000000070a600000, 0x000000070a600000, 0x000000070a800000|  0%| F|  |TAMS 0x000000070a600000| PB 0x000000070a600000| Untracked |  0
|  15|0x000000070a800000, 0x000000070a800000, 0x000000070aa00000|  0%| F|  |TAMS 0x000000070a800000| PB 0x000000070a800000| Untracked |  0
|  16|0x000000070aa00000, 0x000000070aa00000, 0x000000070ac00000|  0%| F|  |TAMS 0x000000070aa00000| PB 0x000000070aa00000| Untracked |  0
|  78|0x0000000712600000, 0x0000000712600000, 0x0000000712800000|  0%| F|  |TAMS 0x0000000712600000| PB 0x0000000712600000| Untracked |  0
|  79|0x0000000712800000, 0x0000000712800000, 0x0000000712a00000|  0%| F|  |TAMS 0x0000000712800000| PB 0x0000000712800000| Untracked |  0
|  80|0x0000000712a00000, 0x0000000712a00000, 0x0000000712c00000|  0%| F|  |TAMS 0x0000000712a00000| PB 0x0000000712a00000| Untracked |  0
|  81|0x0000000712c00000, 0x0000000712c00000, 0x0000000712e00000|  0%| F|  |TAMS 0x0000000712c00000| PB 0x0000000712c00000| Untracked |  0
|  82|0x0000000712e00000, 0x0000000712e00000, 0x0000000713000000|  0%| F|  |TAMS 0x0000000712e00000| PB 0x0000000712e00000| Untracked |  0
| 123|0x0000000718000000, 0x0000000718000000, 0x0000000718200000|  0%| F|  |TAMS 0x0000000718000000| PB 0x0000000718000000| Untracked |  0
|1975|0x00000007ff800000, 0x00000007ffa00000, 0x00000007ffa00000|100%| O|  |TAMS 0x00000007ff800000| PB 0x00000007ff800000| Untracked |  0
|1976|0x00000007ffa00000, 0x00000007ffc00000, 0x00000007ffc00000|100%| O|  |TAMS 0x00000007ffa00000| PB 0x00000007ffa00000| Untracked |  0
|1977|0x00000007ffc00000, 0x00000007ffe00000, 0x00000007ffe00000|100%| O|  |TAMS 0x00000007ffc00000| PB 0x00000007ffc00000| Untracked |  0
|1978|0x00000007ffe00000, 0x00000007fff93100, 0x0000000800000000| 78%| E|  |TAMS 0x00000007ffe00000| PB 0x00000007ffe00000| Complete |  0

Card table byte_map: [0x00000118b8500000,0x00000118b8cc0000] _byte_map_base: 0x00000118b4cbb000

Marking Bits: (CMBitMap*) 0x000001189fea5320
 Bits: [0x00000118b8cc0000, 0x00000118bca98000)

Polling page: 0x000001189f5a0000

Metaspace:

Usage:
  Non-class:     27.11 MB used.
      Class:      3.23 MB used.
       Both:     30.34 MB used.

Virtual space:
  Non-class space:       64.00 MB reserved,      27.38 MB ( 43%) committed,  1 nodes.
      Class space:        1.00 GB reserved,       3.38 MB ( <1%) committed,  1 nodes.
             Both:        1.06 GB reserved,      30.75 MB (  3%) committed. 

Chunk freelists:
   Non-Class:  4.25 MB
       Class:  12.49 MB
        Both:  16.74 MB

MaxMetaspaceSize: unlimited
CompressedClassSpaceSize: 1.00 GB
Initial GC threshold: 21.00 MB
Current GC threshold: 35.25 MB
CDS: on
 - commit_granule_bytes: 65536.
 - commit_granule_words: 8192.
 - virtual_space_node_default_size: 8388608.
 - enlarge_chunks_in_place: 1.
UseCompressedClassPointers 1, UseCompactObjectHeaders 0
Narrow klass pointer bits 32, Max shift 3
Narrow klass base: 0x00000118c0000000, Narrow klass shift: 0
Encoding Range: [0x00000118c0000000 - 0x00000119c0000000), (4294967296 bytes)
Klass Range:    [0x00000118c0000000 - 0x0000011901000000), (1090519040 bytes)
Klass ID Range:  [8 - 1090519033) (1090519025)


Internal statistics:

num_allocs_failed_limit: 3.
num_arena_births: 276.
num_arena_deaths: 0.
num_vsnodes_births: 2.
num_vsnodes_deaths: 0.
num_space_committed: 491.
num_space_uncommitted: 0.
num_chunks_returned_to_freelist: 3.
num_chunks_taken_from_freelist: 1015.
num_chunk_merges: 0.
num_chunk_splits: 718.
num_chunks_enlarged: 572.
num_inconsistent_stats: 0.

CodeHeap 'non-profiled nmethods': size=120064Kb used=1684Kb max_used=1684Kb free=118379Kb
 bounds [0x00000118b01a0000, 0x00000118b0410000, 0x00000118b76e0000]
CodeHeap 'profiled nmethods': size=120000Kb used=6918Kb max_used=6918Kb free=113081Kb
 bounds [0x00000118a86e0000, 0x00000118a8db0000, 0x00000118afc10000]
CodeHeap 'non-nmethods': size=5696Kb used=1516Kb max_used=1597Kb free=4179Kb
 bounds [0x00000118afc10000, 0x00000118afe80000, 0x00000118b01a0000]
CodeCache: size=245760Kb, used=10118Kb, max_used=10199Kb, free=235639Kb
 total_blobs=4813, nmethods=4132, adapters=585, full_count=0
Compilation: enabled, stopped_count=0, restarted_count=0

Compilation events (20 events):
Event: 2645.763 Thread 0x00000118bf852e60 4122       3       java.util.TaskQueue::fixDown (108 bytes)
Event: 2645.764 Thread 0x00000118bf852e60 nmethod 4122 0x00000118a8d9f108 code [0x00000118a8d9f260, 0x00000118a8d9f8a0]
Event: 2653.938 Thread 0x00000118bf8522e0 4123   !   4       java.lang.Thread::blockedOn (23 bytes)
Event: 2653.941 Thread 0x00000118bf8522e0 nmethod 4123 0x00000118b0340808 code [0x00000118b0340920, 0x00000118b0340c50]
Event: 2765.998 Thread 0x00000118bf8522e0 4124       4       sun.nio.ch.WEPollSelectorImpl::processEvents (152 bytes)
Event: 2766.001 Thread 0x00000118bf8522e0 nmethod 4124 0x00000118b0340c88 code [0x00000118b0340d80, 0x00000118b0340e18]
Event: 3423.018 Thread 0x00000118bf8522e0 4127   !   4       sun.nio.ch.WEPollSelectorImpl::processUpdateQueue (203 bytes)
Event: 3423.054 Thread 0x00000118bf8522e0 nmethod 4127 0x00000118b0340f88 code [0x00000118b03410a0, 0x00000118b03414a0]
Event: 3423.054 Thread 0x00000118bf8522e0 4125   !   4       sun.nio.ch.SelectorImpl::lockAndDoSelect (87 bytes)
Event: 3423.145 Thread 0x00000118bf8522e0 nmethod 4125 0x00000118b0341508 code [0x00000118b0341700, 0x00000118b0342fe8]
Event: 3423.146 Thread 0x00000118bf8522e0 4126   !   4       sun.nio.ch.WEPollSelectorImpl::doSelect (132 bytes)
Event: 3423.165 Thread 0x00000118bf8522e0 nmethod 4126 0x00000118b0343108 code [0x00000118b03432e0, 0x00000118b03446a0]
Event: 3642.463 Thread 0x00000118bf852e60 4129       3       java.util.logging.LogManager::getProperty (9 bytes)
Event: 3642.470 Thread 0x00000118bf852e60 nmethod 4129 0x00000118a8d9f908 code [0x00000118a8d9fa20, 0x00000118a8d9fbf8]
Event: 3642.471 Thread 0x00000118bf852e60 4130       3       java.lang.invoke.LambdaForm$MH/0x00000118c100d000::invoke (25 bytes)
Event: 3642.474 Thread 0x00000118bf852e60 nmethod 4130 0x00000118a8d9fc08 code [0x00000118a8d9fd40, 0x00000118a8da02c0]
Event: 3646.464 Thread 0x00000118bf852e60 4133       3       jdk.internal.constant.ConstantUtils::internalNameToDesc (12 bytes)
Event: 3646.474 Thread 0x00000118bf852e60 nmethod 4133 0x00000118a8da0308 code [0x00000118a8da0560, 0x00000118a8da19a8]
Event: 3646.593 Thread 0x00000118bf852e60 4134       1       java.util.logging.Level::intValue (5 bytes)
Event: 3646.593 Thread 0x00000118bf852e60 nmethod 4134 0x00000118b0345088 code [0x00000118b0345180, 0x00000118b0345248]

GC Heap History (8 events):
Event: 1.014 GC heap before
{Heap before GC invocations=0 (full 0):
 garbage-first heap   total reserved 4052992K, committed 256000K, used 50292K [0x0000000708a00000, 0x0000000800000000)
  region size 2048K, 24 young (49152K), 0 survivors (0K)
 Metaspace       used 14048K, committed 14272K, reserved 1114112K
  class space    used 1375K, committed 1472K, reserved 1048576K
}
Event: 1.018 GC heap after
{Heap after GC invocations=1 (full 0):
 garbage-first heap   total reserved 4052992K, committed 256000K, used 6532K [0x0000000708a00000, 0x0000000800000000)
  region size 2048K, 3 young (6144K), 3 survivors (6144K)
 Metaspace       used 14048K, committed 14272K, reserved 1114112K
  class space    used 1375K, committed 1472K, reserved 1048576K
}
Event: 2.098 GC heap before
{Heap before GC invocations=1 (full 0):
 garbage-first heap   total reserved 4052992K, committed 256000K, used 82308K [0x0000000708a00000, 0x0000000800000000)
  region size 2048K, 41 young (83968K), 3 survivors (6144K)
 Metaspace       used 21287K, committed 21504K, reserved 1114112K
  class space    used 2256K, committed 2368K, reserved 1048576K
}
Event: 2.109 GC heap after
{Heap after GC invocations=2 (full 0):
 garbage-first heap   total reserved 4052992K, committed 256000K, used 11270K [0x0000000708a00000, 0x0000000800000000)
  region size 2048K, 5 young (10240K), 5 survivors (10240K)
 Metaspace       used 21287K, committed 21504K, reserved 1114112K
  class space    used 2256K, committed 2368K, reserved 1048576K
}
Event: 2.707 GC heap before
{Heap before GC invocations=3 (full 0):
 garbage-first heap   total reserved 4052992K, committed 40960K, used 37894K [0x0000000708a00000, 0x0000000800000000)
  region size 2048K, 17 young (34816K), 5 survivors (10240K)
 Metaspace       used 27492K, committed 27904K, reserved 1114112K
  class space    used 2952K, committed 3136K, reserved 1048576K
}
Event: 2.717 GC heap after
{Heap after GC invocations=4 (full 0):
 garbage-first heap   total reserved 4052992K, committed 55296K, used 13574K [0x0000000708a00000, 0x0000000800000000)
  region size 2048K, 4 young (8192K), 4 survivors (8192K)
 Metaspace       used 27492K, committed 27904K, reserved 1114112K
  class space    used 2952K, committed 3136K, reserved 1048576K
}
Event: 4.182 GC heap before
{Heap before GC invocations=4 (full 0):
 garbage-first heap   total reserved 4052992K, committed 55296K, used 34054K [0x0000000708a00000, 0x0000000800000000)
  region size 2048K, 15 young (30720K), 4 survivors (8192K)
 Metaspace       used 30564K, committed 30848K, reserved 1114112K
  class space    used 3269K, committed 3392K, reserved 1048576K
}
Event: 4.193 GC heap after
{Heap after GC invocations=5 (full 0):
 garbage-first heap   total reserved 4052992K, committed 55296K, used 14654K [0x0000000708a00000, 0x0000000800000000)
  region size 2048K, 2 young (4096K), 2 survivors (4096K)
 Metaspace       used 30564K, committed 30848K, reserved 1114112K
  class space    used 3269K, committed 3392K, reserved 1048576K
}

Dll operation events (9 events):
Event: 0.010 Loaded shared library C:\Program Files\Java\jdk-24\bin\java.dll
Event: 0.039 Loaded shared library C:\Program Files\Java\jdk-24\bin\jsvml.dll
Event: 0.054 Loaded shared library C:\Program Files\Java\jdk-24\bin\net.dll
Event: 0.055 Loaded shared library C:\Program Files\Java\jdk-24\bin\nio.dll
Event: 0.057 Loaded shared library C:\Program Files\Java\jdk-24\bin\zip.dll
Event: 0.185 Loaded shared library C:\Program Files\Java\jdk-24\bin\jimage.dll
Event: 2.250 Loaded shared library C:\Program Files\Java\jdk-24\bin\extnet.dll
Event: 2.303 Loaded shared library C:\Program Files\Java\jdk-24\bin\sunmscapi.dll
Event: 2.753 Loaded shared library C:\Program Files\Java\jdk-24\bin\awt.dll

Deoptimization events (20 events):
Event: 3.753 Thread 0x00000119080a2360 Uncommon trap: trap_request=0xffffffbe fr.pc=0x00000118b032fb80 relative=0x0000000000001040
Event: 3.753 Thread 0x00000119080a2360 Uncommon trap: reason=profile_predicate action=maybe_recompile pc=0x00000118b032fb80 method=java.util.regex.Pattern$BnM.optimize(Ljava/util/regex/Pattern$Node;)Ljava/util/regex/Pattern$Node; @ 67 c2
Event: 3.753 Thread 0x00000119080a2360 DEOPT PACKING pc=0x00000118b032fb80 sp=0x00000012b40fec90
Event: 3.753 Thread 0x00000119080a2360 DEOPT UNPACKING pc=0x00000118afd26482 sp=0x00000012b40febc0 mode 2
Event: 3.754 Thread 0x00000119080a2360 Uncommon trap: trap_request=0xffffffbe fr.pc=0x00000118b032fb80 relative=0x0000000000001040
Event: 3.754 Thread 0x00000119080a2360 Uncommon trap: reason=profile_predicate action=maybe_recompile pc=0x00000118b032fb80 method=java.util.regex.Pattern$BnM.optimize(Ljava/util/regex/Pattern$Node;)Ljava/util/regex/Pattern$Node; @ 67 c2
Event: 3.754 Thread 0x00000119080a2360 DEOPT PACKING pc=0x00000118b032fb80 sp=0x00000012b40fec90
Event: 3.754 Thread 0x00000119080a2360 DEOPT UNPACKING pc=0x00000118afd26482 sp=0x00000012b40febc0 mode 2
Event: 3.754 Thread 0x00000119080a2360 Uncommon trap: trap_request=0xffffffbe fr.pc=0x00000118b032fb80 relative=0x0000000000001040
Event: 3.754 Thread 0x00000119080a2360 Uncommon trap: reason=profile_predicate action=maybe_recompile pc=0x00000118b032fb80 method=java.util.regex.Pattern$BnM.optimize(Ljava/util/regex/Pattern$Node;)Ljava/util/regex/Pattern$Node; @ 67 c2
Event: 3.754 Thread 0x00000119080a2360 DEOPT PACKING pc=0x00000118b032fb80 sp=0x00000012b40fec90
Event: 3.754 Thread 0x00000119080a2360 DEOPT UNPACKING pc=0x00000118afd26482 sp=0x00000012b40febc0 mode 2
Event: 3.769 Thread 0x00000119080a2360 Uncommon trap: trap_request=0xffffff4d fr.pc=0x00000118b03330ac relative=0x000000000000134c
Event: 3.769 Thread 0x00000119080a2360 Uncommon trap: reason=unstable_if action=reinterpret pc=0x00000118b03330ac method=org.apache.tika.detect.MagicDetector.detect(Ljava/io/InputStream;Lorg/apache/tika/metadata/Metadata;)Lorg/apache/tika/mime/MediaType; @ 118 c2
Event: 3.769 Thread 0x00000119080a2360 DEOPT PACKING pc=0x00000118b03330ac sp=0x00000012b40fed10
Event: 3.769 Thread 0x00000119080a2360 DEOPT UNPACKING pc=0x00000118afd26482 sp=0x00000012b40fec98 mode 2
Event: 3.772 Thread 0x00000119080a2360 DEOPT PACKING pc=0x00000118a8d8a863 sp=0x00000012b40fec80
Event: 3.772 Thread 0x00000119080a2360 DEOPT UNPACKING pc=0x00000118afc65722 sp=0x00000012b40fe190 mode 0
Event: 4.182 Thread 0x00000119080a2360 DEOPT PACKING pc=0x00000118a8d8a863 sp=0x00000012b40fed30
Event: 4.182 Thread 0x00000119080a2360 DEOPT UNPACKING pc=0x00000118afc65722 sp=0x00000012b40fe240 mode 0

Classes loaded (20 events):
Event: 3646.552 Loading class sun/java2d/pipe/hw/ContextCapabilities done
Event: 3646.552 Loading class sun/java2d/d3d/D3DContext$D3DContextCaps done
Event: 3646.552 Loading class sun/awt/image/SurfaceManager$ProxyCache
Event: 3646.553 Loading class sun/awt/image/SurfaceManager$ProxyCache done
Event: 3646.577 Loading class sun/awt/Win32GraphicsConfig
Event: 3646.579 Loading class sun/awt/image/SurfaceManager$ProxiedGraphicsConfig
Event: 3646.579 Loading class sun/awt/image/SurfaceManager$ProxiedGraphicsConfig done
Event: 3646.580 Loading class java/awt/GraphicsConfiguration
Event: 3646.592 Loading class java/awt/GraphicsConfiguration done
Event: 3646.592 Loading class sun/awt/Win32GraphicsConfig done
Event: 3646.595 Loading class java/awt/Rectangle
Event: 3646.598 Loading class java/awt/Shape
Event: 3646.599 Loading class java/awt/Shape done
Event: 3646.609 Loading class java/awt/geom/Rectangle2D
Event: 3646.610 Loading class java/awt/geom/RectangularShape
Event: 3646.610 Loading class java/awt/geom/RectangularShape done
Event: 3646.610 Loading class java/awt/geom/Rectangle2D done
Event: 3646.611 Loading class java/awt/Rectangle done
Event: 3646.846 Loading class java/util/ArrayList$ListItr
Event: 3646.848 Loading class java/util/ArrayList$ListItr done

Classes unloaded (0 events):
No events

Classes redefined (0 events):
No events

Internal exceptions (20 events):
Event: 2.697 Thread 0x000001189dab27e0 Exception <a 'sun/nio/fs/WindowsException'{0x0000000708f69bf0}> (0x0000000708f69bf0) 
thrown [s\open\src\hotspot\share\prims\jni.cpp, line 518]
Event: 2.697 Thread 0x000001189dab27e0 Exception <a 'sun/nio/fs/WindowsException'{0x0000000708f6a2b8}> (0x0000000708f6a2b8) 
thrown [s\open\src\hotspot\share\prims\jni.cpp, line 518]
Event: 2.697 Thread 0x000001189dab27e0 Exception <a 'sun/nio/fs/WindowsException'{0x0000000708f6a980}> (0x0000000708f6a980) 
thrown [s\open\src\hotspot\share\prims\jni.cpp, line 518]
Event: 2.697 Thread 0x000001189dab27e0 Exception <a 'sun/nio/fs/WindowsException'{0x0000000708f6b010}> (0x0000000708f6b010) 
thrown [s\open\src\hotspot\share\prims\jni.cpp, line 518]
Event: 2.728 Thread 0x000001189dab27e0 Exception <a 'java/lang/NoClassDefFoundError'{0x00000007180dfbc8}: org/python/core/PyException> (0x00000007180dfbc8) 
thrown [s\open\src\hotspot\share\classfile\systemDictionary.cpp, line 316]
Event: 2.732 Thread 0x000001189dab27e0 Exception <a 'sun/nio/fs/WindowsException'{0x00000007180fb2a0}> (0x00000007180fb2a0) 
thrown [s\open\src\hotspot\share\prims\jni.cpp, line 518]
Event: 2.751 Thread 0x000001189dab27e0 Exception <a 'java/lang/ClassNotFoundException'{0x000000071815eb88}: sun/awt/resources/spi/awtProvider> (0x000000071815eb88) 
thrown [s\open\src\hotspot\share\classfile\systemDictionary.cpp, line 327]
Event: 2.753 Thread 0x000001189dab27e0 Exception <a 'java/io/FileNotFoundException'{0x00000007181611d0}> (0x00000007181611d0) 
thrown [s\open\src\hotspot\share\prims\jni.cpp, line 518]
Event: 2.754 Thread 0x000001189dab27e0 Exception <a 'java/io/FileNotFoundException'{0x0000000718172d08}> (0x0000000718172d08) 
thrown [s\open\src\hotspot\share\prims\jni.cpp, line 518]
Event: 3.352 Thread 0x00000119080a2360 Exception <a 'java/lang/NoSuchMethodError'{0x0000000712e52598}: 'java.lang.Object java.lang.invoke.DirectMethodHandle$Holder.invokeSpecialIFC(java.lang.Object, java.lang.Object, java.lang.Object, java.lang.Object)'> (0x0000000712e52598) 
thrown [s\open\src\hotspot\share\interpreter\linkResolver.cpp, line 805]
Event: 3.353 Thread 0x00000119080a2360 Exception <a 'java/lang/NoSuchMethodError'{0x0000000712e62f58}: 'java.lang.Object java.lang.invoke.DirectMethodHandle$Holder.invokeVirtual(java.lang.Object, java.lang.Object, java.lang.Object, java.lang.Object)'> (0x0000000712e62f58) 
thrown [s\open\src\hotspot\share\interpreter\linkResolver.cpp, line 805]
Event: 3.366 Thread 0x00000119080a2360 Exception <a 'java/lang/NoSuchMethodError'{0x0000000712f79178}: 'void java.lang.invoke.DirectMethodHandle$Holder.invokeStatic(java.lang.Object, int)'> (0x0000000712f79178) 
thrown [s\open\src\hotspot\share\interpreter\linkResolver.cpp, line 805]
Event: 3.367 Thread 0x00000119080a2360 Exception <a 'java/lang/NoSuchMethodError'{0x0000000712f810f0}: 'void java.lang.invoke.DirectMethodHandle$Holder.invokeStaticInit(java.lang.Object, int)'> (0x0000000712f810f0) 
thrown [s\open\src\hotspot\share\interpreter\linkResolver.cpp, line 805]
Event: 3.411 Thread 0x00000119080a2360 Exception <a 'java/lang/NoSuchMethodError'{0x0000000712b0e9a8}: 'java.lang.Object java.lang.invoke.DirectMethodHandle$Holder.newInvokeSpecial(java.lang.Object, java.lang.Object, java.lang.Object, int)'> (0x0000000712b0e9a8) 
thrown [s\open\src\hotspot\share\interpreter\linkResolver.cpp, line 805]
Event: 3.412 Thread 0x00000119080a2360 Exception <a 'java/lang/NoSuchMethodError'{0x0000000712b173f8}: 'java.lang.Object java.lang.invoke.Invokers$Holder.linkToTargetMethod(java.lang.Object, java.lang.Object, int, java.lang.Object)'> (0x0000000712b173f8) 
thrown [s\open\src\hotspot\share\interpreter\linkResolver.cpp, line 805]
Event: 3646.288 Thread 0x00000119080a0620 Exception <a 'java/lang/NoSuchMethodError'{0x00000007fff5b3c0}: 'long java.lang.invoke.DirectMethodHandle$Holder.invokeStatic(java.lang.Object, java.lang.Object)'> (0x00000007fff5b3c0) 
thrown [s\open\src\hotspot\share\interpreter\linkResolver.cpp, line 805]
Event: 3646.428 Thread 0x00000119080a0620 Exception <a 'java/lang/NoSuchMethodError'{0x00000007fff633c0}: 'long java.lang.invoke.DirectMethodHandle$Holder.invokeStaticInit(java.lang.Object, java.lang.Object)'> (0x00000007fff633c0) 
thrown [s\open\src\hotspot\share\interpreter\linkResolver.cpp, line 805]
Event: 3646.458 Thread 0x00000119080a0620 Exception <a 'java/lang/NoSuchMethodError'{0x00000007fff6b850}: 'java.lang.Object java.lang.invoke.DirectMethodHandle$Holder.invokeStatic(java.lang.Object, long, java.lang.Object)'> (0x00000007fff6b850) 
thrown [s\open\src\hotspot\share\interpreter\linkResolver.cpp, line 805]
Event: 3646.463 Thread 0x00000119080a0620 Exception <a 'java/lang/NoSuchMethodError'{0x00000007fff73bc0}: 'java.lang.Object java.lang.invoke.DirectMethodHandle$Holder.invokeStaticInit(java.lang.Object, long, java.lang.Object)'> (0x00000007fff73bc0) 
thrown [s\open\src\hotspot\share\interpreter\linkResolver.cpp, line 805]
Event: 3646.482 Thread 0x00000119080a0620 Exception <a 'java/lang/NoSuchMethodError'{0x00000007fff7bdc8}: 'java.lang.Object java.lang.invoke.DirectMethodHandle$Holder.invokeStaticInit(java.lang.Object, long)'> (0x00000007fff7bdc8) 
thrown [s\open\src\hotspot\share\interpreter\linkResolver.cpp, line 805]

VM Operations (20 events):
Event: 2655.349 Executing VM operation: RendezvousGCThreads
Event: 2655.349 Executing VM operation: RendezvousGCThreads done
Event: 2835.626 Executing VM operation: HandshakeAllThreads (HandshakeForDeflation)
Event: 2835.627 Executing VM operation: HandshakeAllThreads (HandshakeForDeflation) done
Event: 2835.627 Executing VM operation: RendezvousGCThreads
Event: 2835.627 Executing VM operation: RendezvousGCThreads done
Event: 3214.481 Executing VM operation: HandshakeAllThreads (HandshakeForDeflation)
Event: 3214.481 Executing VM operation: HandshakeAllThreads (HandshakeForDeflation) done
Event: 3214.481 Executing VM operation: RendezvousGCThreads
Event: 3214.481 Executing VM operation: RendezvousGCThreads done
Event: 3394.886 Executing VM operation: HandshakeAllThreads (HandshakeForDeflation)
Event: 3394.889 Executing VM operation: HandshakeAllThreads (HandshakeForDeflation) done
Event: 3394.889 Executing VM operation: RendezvousGCThreads
Event: 3394.889 Executing VM operation: RendezvousGCThreads done
Event: 3644.885 Executing VM operation: HandshakeAllThreads (Deoptimize)
Event: 3644.886 Executing VM operation: HandshakeAllThreads (Deoptimize) done
Event: 3646.179 Executing VM operation: HandshakeAllThreads (Deoptimize)
Event: 3646.180 Executing VM operation: HandshakeAllThreads (Deoptimize) done
Event: 3646.850 Executing VM operation: HandshakeAllThreads (Deoptimize)
Event: 3646.850 Executing VM operation: HandshakeAllThreads (Deoptimize) done

Memory protections (0 events):
No events

Nmethod flushes (0 events):
No events

Events (20 events):
Event: 62.693 Thread 0x000001190600f000 Thread exited: 0x000001190600f000
Event: 62.714 Thread 0x00000119060784f0 Thread exited: 0x00000119060784f0
Event: 62.734 Thread 0x0000011905fccba0 Thread exited: 0x0000011905fccba0
Event: 62.755 Thread 0x000001190600f750 Thread exited: 0x000001190600f750
Event: 62.774 Thread 0x0000011905ffd770 Thread exited: 0x0000011905ffd770
Event: 62.795 Thread 0x000001190600da10 Thread exited: 0x000001190600da10
Event: 62.816 Thread 0x000001190600e8b0 Thread exited: 0x000001190600e8b0
Event: 62.837 Thread 0x000001190600c420 Thread exited: 0x000001190600c420
Event: 62.858 Thread 0x0000011905ff9020 Thread exited: 0x0000011905ff9020
Event: 62.878 Thread 0x0000011905ffdeb0 Thread exited: 0x0000011905ffdeb0
Event: 2594.998 Thread 0x00000119080a1c10 Thread added: 0x00000119080a3950
Event: 2596.699 Thread 0x00000119080a3950 Thread exited: 0x00000119080a3950
Event: 2827.218 Thread 0x00000119080a1c10 Thread added: 0x00000119080a0620
Event: 2828.827 Thread 0x00000119080a0620 Thread exited: 0x00000119080a0620
Event: 3154.100 Thread 0x00000119080a1c10 Thread added: 0x00000119080a3950
Event: 3155.694 Thread 0x00000119080a3950 Thread exited: 0x00000119080a3950
Event: 3345.953 Thread 0x00000119080a1c10 Thread added: 0x00000119080a0620
Event: 3346.983 Thread 0x00000119080a0620 Thread exited: 0x00000119080a0620
Event: 3641.877 Thread 0x00000119080a1c10 Thread added: 0x00000119080a3950
Event: 3642.472 Thread 0x00000119080a1c10 Thread added: 0x00000119080a0620


Dynamic libraries:
0x00007ff73bb80000 - 0x00007ff73bb90000 	C:\Program Files\Java\jdk-24\bin\java.exe
0x00007ffe65de0000 - 0x00007ffe66048000 	C:\WINDOWS\SYSTEM32\ntdll.dll
0x00007ffe65260000 - 0x00007ffe65329000 	C:\WINDOWS\System32\KERNEL32.DLL
0x00007ffe63030000 - 0x00007ffe63422000 	C:\WINDOWS\System32\KERNELBASE.dll
0x00007ffe638f0000 - 0x00007ffe63a3b000 	C:\WINDOWS\System32\ucrtbase.dll
0x00007ffe55730000 - 0x00007ffe55746000 	C:\Program Files\Java\jdk-24\bin\jli.dll
0x00007ffe64a80000 - 0x00007ffe64c45000 	C:\WINDOWS\System32\USER32.dll
0x00007ffe3feb0000 - 0x00007ffe3fecb000 	C:\Program Files\Java\jdk-24\bin\VCRUNTIME140.dll
0x00007ffe638c0000 - 0x00007ffe638e7000 	C:\WINDOWS\System32\win32u.dll
0x00007ffe658b0000 - 0x00007ffe658db000 	C:\WINDOWS\System32\GDI32.dll
0x00007ffe635b0000 - 0x00007ffe636dd000 	C:\WINDOWS\System32\gdi32full.dll
0x00007ffe636e0000 - 0x00007ffe63783000 	C:\WINDOWS\System32\msvcp_win.dll
0x00007ffe469b0000 - 0x00007ffe46c43000 	C:\WINDOWS\WinSxS\amd64_microsoft.windows.common-controls_6595b64144ccf1df_6.0.26100.6899_none_3e0efeeae32e88c1\COMCTL32.dll
0x00007ffe656a0000 - 0x00007ffe65749000 	C:\WINDOWS\System32\msvcrt.dll
0x00007ffe643b0000 - 0x00007ffe643df000 	C:\WINDOWS\System32\IMM32.DLL
0x00007ffe55700000 - 0x00007ffe5570c000 	C:\Program Files\Java\jdk-24\bin\vcruntime140_1.dll
0x00007ffe31bb0000 - 0x00007ffe31c3e000 	C:\Program Files\Java\jdk-24\bin\msvcp140.dll
0x00007ffd7b6c0000 - 0x00007ffd7c462000 	C:\Program Files\Java\jdk-24\bin\server\jvm.dll
0x00007ffe648a0000 - 0x00007ffe64954000 	C:\WINDOWS\System32\ADVAPI32.dll
0x00007ffe64960000 - 0x00007ffe64a06000 	C:\WINDOWS\System32\sechost.dll
0x00007ffe659a0000 - 0x00007ffe65ab8000 	C:\WINDOWS\System32\RPCRT4.dll
0x00007ffe65750000 - 0x00007ffe657c4000 	C:\WINDOWS\System32\WS2_32.dll
0x00007ffe62b70000 - 0x00007ffe62bce000 	C:\WINDOWS\SYSTEM32\POWRPROF.dll
0x00007ffe46e80000 - 0x00007ffe46eb5000 	C:\WINDOWS\SYSTEM32\WINMM.dll
0x00007ffe455e0000 - 0x00007ffe455eb000 	C:\WINDOWS\SYSTEM32\VERSION.dll
0x00007ffe62b50000 - 0x00007ffe62b64000 	C:\WINDOWS\SYSTEM32\UMPDC.dll
0x00007ffe61bd0000 - 0x00007ffe61beb000 	C:\WINDOWS\SYSTEM32\kernel.appcore.dll
0x00007ffe3fea0000 - 0x00007ffe3feaa000 	C:\Program Files\Java\jdk-24\bin\jimage.dll
0x00007ffe60440000 - 0x00007ffe60682000 	C:\WINDOWS\SYSTEM32\DBGHELP.DLL
0x00007ffe64420000 - 0x00007ffe6479b000 	C:\WINDOWS\System32\combase.dll
0x00007ffe64c50000 - 0x00007ffe64d27000 	C:\WINDOWS\System32\OLEAUT32.dll
0x00007ffe36e00000 - 0x00007ffe36e3c000 	C:\WINDOWS\SYSTEM32\dbgcore.DLL
0x00007ffe63790000 - 0x00007ffe63828000 	C:\WINDOWS\System32\bcryptPrimitives.dll
0x00007ffe3fe80000 - 0x00007ffe3fe9e000 	C:\Program Files\Java\jdk-24\bin\java.dll
0x00007ffe65500000 - 0x00007ffe65698000 	C:\WINDOWS\System32\ole32.dll
0x00007ffe63c60000 - 0x00007ffe643ad000 	C:\WINDOWS\System32\SHELL32.dll
0x00007ffe63a40000 - 0x00007ffe63bab000 	C:\WINDOWS\System32\wintypes.dll
0x00007ffe60840000 - 0x00007ffe6109d000 	C:\WINDOWS\SYSTEM32\windows.storage.dll
0x00007ffe647a0000 - 0x00007ffe64892000 	C:\WINDOWS\System32\SHCORE.dll
0x00007ffe64a10000 - 0x00007ffe64a72000 	C:\WINDOWS\System32\shlwapi.dll
0x00007ffe62e90000 - 0x00007ffe62eb9000 	C:\WINDOWS\SYSTEM32\profapi.dll
0x00007ffe265b0000 - 0x00007ffe26687000 	C:\Program Files\Java\jdk-24\bin\jsvml.dll
0x00007ffe3fe70000 - 0x00007ffe3fe80000 	C:\Program Files\Java\jdk-24\bin\net.dll
0x00007ffe62250000 - 0x00007ffe622bb000 	C:\WINDOWS\system32\mswsock.dll
0x00007ffe3fa50000 - 0x00007ffe3fa66000 	C:\Program Files\Java\jdk-24\bin\nio.dll
0x00007ffe3f360000 - 0x00007ffe3f377000 	C:\Program Files\Java\jdk-24\bin\zip.dll
0x00007ffe62630000 - 0x00007ffe6264b000 	C:\WINDOWS\SYSTEM32\CRYPTSP.dll
0x00007ffe61b30000 - 0x00007ffe61b6b000 	C:\WINDOWS\system32\rsaenh.dll
0x00007ffe622f0000 - 0x00007ffe6231b000 	C:\WINDOWS\SYSTEM32\USERENV.dll
0x00007ffe62e60000 - 0x00007ffe62e86000 	C:\WINDOWS\SYSTEM32\bcrypt.dll
0x00007ffe62610000 - 0x00007ffe6261c000 	C:\WINDOWS\SYSTEM32\CRYPTBASE.dll
0x00007ffe61470000 - 0x00007ffe614a4000 	C:\WINDOWS\SYSTEM32\IPHLPAPI.DLL
0x00007ffe65330000 - 0x00007ffe6533a000 	C:\WINDOWS\System32\NSI.dll
0x00007ffe61e20000 - 0x00007ffe61e56000 	C:\WINDOWS\SYSTEM32\ntmarta.dll
0x00007ffdf3bc0000 - 0x00007ffdf3bd8000 	C:\WINDOWS\system32\napinsp.dll
0x00007ffe614b0000 - 0x00007ffe615d6000 	C:\WINDOWS\SYSTEM32\DNSAPI.dll
0x00007ffdf2590000 - 0x00007ffdf25a2000 	C:\WINDOWS\System32\winrnr.dll
0x00007ffe35260000 - 0x00007ffe35288000 	C:\WINDOWS\system32\nlansp_c.dll
0x00007ffe18df0000 - 0x00007ffe18e06000 	C:\WINDOWS\system32\wshbth.dll
0x00007ffe4cb30000 - 0x00007ffe4cb3b000 	C:\Windows\System32\rasadhlp.dll
0x00007ffe56410000 - 0x00007ffe56496000 	C:\WINDOWS\System32\fwpuclnt.dll
0x00007ffe556f0000 - 0x00007ffe556f9000 	C:\Program Files\Java\jdk-24\bin\extnet.dll
0x00007ffe55690000 - 0x00007ffe5569e000 	C:\Program Files\Java\jdk-24\bin\sunmscapi.dll
0x00007ffe63430000 - 0x00007ffe635a7000 	C:\WINDOWS\System32\CRYPT32.dll
0x00007ffe627f0000 - 0x00007ffe62820000 	C:\WINDOWS\SYSTEM32\ncrypt.dll
0x00007ffe627a0000 - 0x00007ffe627df000 	C:\WINDOWS\SYSTEM32\NTASN1.dll
0x00007ffe36440000 - 0x00007ffe36448000 	C:\WINDOWS\system32\wshunix.dll
0x00007ffe26430000 - 0x00007ffe265af000 	C:\Program Files\Java\jdk-24\bin\awt.dll
0x00007ffe5f5a0000 - 0x00007ffe5f63f000 	C:\WINDOWS\SYSTEM32\apphelp.dll
0x00007ffe5f860000 - 0x00007ffe5f90a000 	C:\WINDOWS\system32\uxtheme.dll
0x00007ffe65340000 - 0x00007ffe6549b000 	C:\WINDOWS\System32\MSCTF.dll
0x00007ffe5f660000 - 0x00007ffe5f68a000 	C:\WINDOWS\system32\Wtsapi32.dll
0x00007ffe61fa0000 - 0x00007ffe61fe9000 	C:\WINDOWS\SYSTEM32\SspiCli.dll
0x00007ffe62730000 - 0x00007ffe62793000 	C:\WINDOWS\SYSTEM32\WINSTA.dll
0x00007ffe606b0000 - 0x00007ffe607b4000 	C:\WINDOWS\SYSTEM32\PROPSYS.dll
0x00007ffe47980000 - 0x00007ffe47b60000 	C:\WINDOWS\SYSTEM32\urlmon.dll
0x00007ffe476b0000 - 0x00007ffe47975000 	C:\WINDOWS\SYSTEM32\iertutil.dll
0x00007ffe61320000 - 0x00007ffe6132d000 	C:\WINDOWS\SYSTEM32\netutils.dll
0x00007ffe47680000 - 0x00007ffe476a9000 	C:\WINDOWS\SYSTEM32\srvcli.dll
0x00007ffe658e0000 - 0x00007ffe65991000 	C:\WINDOWS\System32\clbcatq.dll
0x00007ffe28cd0000 - 0x00007ffe28cef000 	C:\Windows\System32\Windows.Shell.ServiceHostBuilder.dll
0x00007ffe4a4a0000 - 0x00007ffe4aaee000 	C:\Windows\System32\OneCoreUAPCommonProxyStub.dll
0x00007ffe27dc0000 - 0x00007ffe27f3b000 	C:\Windows\System32\Windows.System.Launcher.dll
0x00007ffe4bf60000 - 0x00007ffe4bf7a000 	C:\WINDOWS\SYSTEM32\windows.staterepositorycore.dll
0x00007ffda9bc0000 - 0x00007ffda9c07000 	C:\WINDOWS\SYSTEM32\msIso.dll
0x00007ffe5f650000 - 0x00007ffe5f65d000 	C:\WINDOWS\SYSTEM32\Secur32.dll
0x00007ffe5f550000 - 0x00007ffe5f594000 	C:\WINDOWS\SYSTEM32\MLANG.dll
0x00007ffe29e70000 - 0x00007ffe2a0f9000 	C:\WINDOWS\SYSTEM32\WININET.dll
0x00007ffe26330000 - 0x00007ffe263f4000 	C:\Windows\System32\Windows.StateRepositoryPS.dll
0x00007ffe45000000 - 0x00007ffe45047000 	C:\WINDOWS\SYSTEM32\windows.staterepositoryclient.dll
0x00007ffe492c0000 - 0x00007ffe493d8000 	C:\WINDOWS\SYSTEM32\mrmcorer.dll
0x00007ffe49120000 - 0x00007ffe49154000 	C:\WINDOWS\SYSTEM32\bcp47mrm.dll
0x00007ffe49160000 - 0x00007ffe492b0000 	C:\Windows\System32\Windows.UI.dll
0x00007ffe27400000 - 0x00007ffe27429000 	C:\WINDOWS\SYSTEM32\edputil.dll
0x00007ffe62c10000 - 0x00007ffe62c67000 	C:\WINDOWS\SYSTEM32\CFGMGR32.dll
0x00007ffe5fc40000 - 0x00007ffe5fc6d000 	C:\WINDOWS\system32\DWMAPI.DLL
0x00007ffdf1550000 - 0x00007ffdf165c000 	C:\WINDOWS\system32\opengl32.dll
0x00007ffe45710000 - 0x00007ffe4573d000 	C:\WINDOWS\SYSTEM32\GLU32.dll
0x00007ffe5fc70000 - 0x00007ffe5fcb4000 	C:\WINDOWS\SYSTEM32\dxcore.dll

JVMTI agents: none

dbghelp: loaded successfully - version: 4.0.5 - missing functions: none
symbol engine: initialized successfully - sym options: 0x614 - pdb path: .;C:\Program Files\Java\jdk-24\bin;C:\WINDOWS\SYSTEM32;C:\WINDOWS\WinSxS\amd64_microsoft.windows.common-controls_6595b64144ccf1df_6.0.26100.6899_none_3e0efeeae32e88c1;C:\Program Files\Java\jdk-24\bin\server

VM Arguments:
java_command: io.qameta.allure.CommandLine serve C:\Users\OluwasegunOjeyinka\PycharmProjects\AdminELPortal\AllureReport
java_class_path (initial): C:\allure-2.34.0\allure-2.34.0\lib\allure-commandline-2.34.0.jar;C:\allure-2.34.0\allure-2.34.0\lib\allure-generator-2.34.0.jar;C:\allure-2.34.0\allure-2.34.0\lib\allure-model-2.29.1.jar;C:\allure-2.34.0\allure-2.34.0\lib\allure-plugin-api-2.34.0.jar;C:\allure-2.34.0\allure-2.34.0\lib\allure1-model-1.0.jar;C:\allure-2.34.0\allure-2.34.0\lib\annotations-15.0.jar;C:\allure-2.34.0\allure-2.34.0\lib\commons-beanutils-1.10.1.jar;C:\allure-2.34.0\allure-2.34.0\lib\commons-codec-1.11.jar;C:\allure-2.34.0\allure-2.34.0\lib\commons-collections-3.2.2.jar;C:\allure-2.34.0\allure-2.34.0\lib\commons-collections4-4.4.jar;C:\allure-2.34.0\allure-2.34.0\lib\commons-io-2.18.0.jar;C:\allure-2.34.0\allure-2.34.0\lib\commons-lang3-3.17.0.jar;C:\allure-2.34.0\allure-2.34.0\lib\commons-logging-1.3.4.jar;C:\allure-2.34.0\allure-2.34.0\lib\commons-text-1.11.0.jar;C:\allure-2.34.0\allure-2.34.0\lib\flexmark-0.62.2.jar;C:\allure-2.34.0\allure-2.34.0\lib\flexmark-ext-tables-0.62.2.jar;C:\allure-2.34.0\allure-2.34.0\lib\flexmark-util-0.62.2.jar;C:\allure-2.34.0\allure-2.34.0\lib\flexmark-util-ast-0.62.2.jar;C:\allure-2.34.0\allure-2.34.0\lib\flexmark-util-builder-0.62.2.jar;C:\allure-2.34.0\allure-2.34.0\lib\flexmark-util-collection-0.62.2.jar;C:\allure-2.34.0\allure-2.34.0\lib\flexmark-util-data-0.62.2.jar;C:\allure-2.34.0\allure-2.34.0\lib\flexmark-util-dependency-0.62.2.jar;C:\allure-2.34.0\allure-2.34.0\lib\flexmark-util-format-0.62.2.jar;C:\allure-2.34.0\allure-2.34.0\lib\flexmark-util-html-0.62.2.jar;C:\allure-2.34.0\allure-2.34.0\lib\flexmark-util-misc-0.62.2.jar;C:\allure-2.34.0\allure-2.34.0\lib\flexmark-util-options-0.62.2.jar;C:\allure-2.34.0\allure-2.34.0\lib\flexmark-util-sequence-0.62.2.jar;C:\allure-2.34.0\allure-2.34.0\lib\flexmark-util-visitor-0.62.2.jar;C:\allure-2.34.0\allure-2.34.0\lib\freemarker-2.3.34.jar;C:\allure-2.34.0\allure-2.34.0\lib\httpclient-4.5.14.jar;C:\allure-2.34.0\allure-2.34.0\lib\httpcore-4.4.16.jar;C:\allure-2.34.0\allure-2.34.0\lib\jackson-annotations-2.18.3.jar;C:\allure-2.34.0\allure-2.34.0\lib\jackson-core-2.18.3.jar;C:\allure-2.34.0\allure-2.34.0\lib\jackson-databind-2.18.3.jar;C:\allure-2.34.0\allure-2.34.0\lib\jackson-dataformat-xml-2.18.3.jar;C:\allure-2.34.0\allure-2.34.0\lib\jackson-dataformat-yaml-2.18.3.jar;C:\allure-2.34.0\allure-2.34.0\lib\jackson-module-jaxb-annotations-2.18.3.jar;C:\allure-2.34.0\allure-2.34.0\lib\jakarta.activation-api-1.2.2.jar;C:\allure-2.34.0\allure-2.34.0\lib\javax.activation-api-1.2.0.jar;C:\allure-2.34.0\allure-2.34.0\lib\jaxb-api-2.3.1.jar;C:\allure-2.34.0\allure-2.34.0\lib\jaxb-utils-1.0.jar;C:\allure-2.34.0\allure-2.34.0\lib\jcommander-1.82.jar;C:\allure-2.34.0\allure-2.34.0\lib\logback-classic-1.3.15.jar;C:\allure-2.34.0\allure-2.34.0\lib\logback-core-1.3.15.jar;C:\allure-2.34.0\allure-2.34.0\lib\opencsv-5.9.jar;C:\allure-2.34.0\allure-2.34.0\lib\properties-2.0.RC5.jar;C:\allure-2.34.0\allure-2.34.0\lib\slf4j-api-2.0.17.jar;C:\allure-2.34.0\allure-2.34.0\lib\snakeyaml-2.3.jar;C:\allure-2.34.0\allure-2.34.0\lib\stax2-api-4.2.2.jar;C:\allure-2.34.0\allure-2.34.0\lib\tika-core-2.9.3.jar;C:\allure-2.34.0\allure-2.34.0\lib\woodstox-core-7.0.0.jar;C:\allure-2.34.0\allure-2.34.0\lib\config
Launcher Type: SUN_STANDARD

[Global flags]
     intx CICompilerCount                          = 4                                         {product} {ergonomic}
     uint ConcGCThreads                            = 3                                         {product} {ergonomic}
     uint G1ConcRefinementThreads                  = 11                                        {product} {ergonomic}
   size_t G1HeapRegionSize                         = 2097152                                   {product} {ergonomic}
   size_t InitialHeapSize                          = 260046848                                 {product} {ergonomic}
   size_t MarkStackSize                            = 4194304                                   {product} {ergonomic}
   size_t MarkStackSizeMax                         = 536870912                                 {product} {ergonomic}
   size_t MaxHeapSize                              = 4150263808                                {product} {ergonomic}
   size_t MaxNewSize                               = 2489319424                                {product} {ergonomic}
   size_t MinHeapDeltaBytes                        = 2097152                                   {product} {ergonomic}
   size_t MinHeapSize                              = 8388608                                   {product} {ergonomic}
    uintx NonNMethodCodeHeapSize                   = 5832704                                {pd product} {ergonomic}
    uintx NonProfiledCodeHeapSize                  = 122945536                              {pd product} {ergonomic}
    uintx ProfiledCodeHeapSize                     = 122880000                              {pd product} {ergonomic}
    uintx ReservedCodeCacheSize                    = 251658240                              {pd product} {ergonomic}
     bool SegmentedCodeCache                       = true                                      {product} {ergonomic}
   size_t SoftMaxHeapSize                          = 4150263808                             {manageable} {ergonomic}
     bool UseCompressedOops                        = true                           {product lp64_product} {ergonomic}
     bool UseG1GC                                  = true                                      {product} {ergonomic}
     bool UseLargePagesIndividualAllocation        = false                                  {pd product} {ergonomic}

Logging:
Log output configuration:
 #0: stdout all=warning uptime,level,tags foldmultilines=false
 #1: stderr all=off uptime,level,tags foldmultilines=false

Environment Variables:
JAVA_HOME=C:\Program Files\Java\jdk-24
CLASSPATH=C:\allure-2.34.0\allure-2.34.0\lib\*;C:\allure-2.34.0\allure-2.34.0\lib\config
PATH=C:\Program Files\Common Files\Oracle\Java\javapath;C:\WINDOWS\system32;C:\WINDOWS;C:\WINDOWS\System32\Wbem;C:\WINDOWS\System32\WindowsPowerShell\v1.0\;C:\WINDOWS\System32\OpenSSH\;C:\Program Files (x86)\dotnet-core-uninstall\;C:\Program Files (x86)\CheckPoint\Endpoint Security\Endpoint Common\bin;C:\Program Files\dotnet\;C:\Program Files\Java\jdk-24\bin;C:\Program Files\Docker\Docker\resources\bin;C:\Program Files\Git\cmd;C:\allure-2.34.0\allure-2.34.0\bin;C:\Kubectl;C:\Program Files\Kubernetes\Minikube;C:\Program Files\apache-maven-3.9.11\bin;C:\apache-jmeter-5.6.3\bin;C:\Users\OluwasegunOjeyinka\AppData\Local\Programs\Python\Python313\Scripts\;C:\Users\OluwasegunOjeyinka\AppData\Local\Programs\Python\Python311\Scripts\;C:\Users\OluwasegunOjeyinka\AppData\Local\Programs\Python\Python311\;C:\Users\OluwasegunOjeyinka\AppData\Local\Programs\Python\Python313\Scripts\;C:\Users\OluwasegunOjeyinka\AppData\Local\Programs\Python\Python313\;C:\Users\OluwasegunOjeyinka\AppData\Local\Programs\Python\Launcher\;C:\Users\OluwasegunOjeyinka\AppData\Local\Microsoft\WindowsApps;;C:\Users\OluwasegunOjeyinka\AppData\Local\JetBrains\PyCharm Community Edition 2025.1\bin;
USERNAME=OluwasegunOjeyinka
OS=Windows_NT
PROCESSOR_IDENTIFIER=Intel64 Family 6 Model 170 Stepping 4, GenuineIntel
TMP=C:\Users\OLUWAS~1\AppData\Local\Temp
TEMP=C:\Users\OLUWAS~1\AppData\Local\Temp




Periodic native trim disabled

---------------  S Y S T E M  ---------------

OS:
 Windows 11 , 64 bit Build 26100 (10.0.26100.6725)
OS uptime: 1 days 6:17 hours
Hyper-V role detected

CPU: total 14 (initial active 14) (7 cores per cpu, 2 threads per core) family 6 model 170 stepping 4 microcode 0x24, cx8, cmov, fxsr, ht, mmx, 3dnowpref, sse, sse2, sse3, ssse3, sse4.1, sse4.2, popcnt, lzcnt, tsc, tscinvbit, avx, avx2, aes, erms, clmul, bmi1, bmi2, adx, sha, fma, vzeroupper, clflush, clflushopt, clwb, hv, serialize, rdtscp, rdpid, fsrm, gfni, f16c, cet_ibt, cet_ss
Processor Information for processor 0
  Max Mhz: 1700, Current Mhz: 1457, Mhz Limit: 1700
Processor Information for processor 1
  Max Mhz: 1700, Current Mhz: 1700, Mhz Limit: 1700
Processor Information for processor 2
  Max Mhz: 1200, Current Mhz: 1200, Mhz Limit: 1200
Processor Information for processor 3
  Max Mhz: 1200, Current Mhz: 1200, Mhz Limit: 1200
Processor Information for processor 4
  Max Mhz: 1200, Current Mhz: 1200, Mhz Limit: 1200
Processor Information for processor 5
  Max Mhz: 1200, Current Mhz: 1200, Mhz Limit: 1200
Processor Information for processor 6
  Max Mhz: 1200, Current Mhz: 1200, Mhz Limit: 1200
Processor Information for processor 7
  Max Mhz: 1200, Current Mhz: 1200, Mhz Limit: 1200
Processor Information for processor 8
  Max Mhz: 1200, Current Mhz: 1200, Mhz Limit: 1200
Processor Information for processor 9
  Max Mhz: 1200, Current Mhz: 1200, Mhz Limit: 1200
Processor Information for processor 10
  Max Mhz: 1700, Current Mhz: 1700, Mhz Limit: 1700
Processor Information for processor 11
  Max Mhz: 1700, Current Mhz: 1700, Mhz Limit: 1700
Processor Information for processor 12
  Max Mhz: 2100, Current Mhz: 700, Mhz Limit: 693
Processor Information for processor 13
  Max Mhz: 2100, Current Mhz: 700, Mhz Limit: 693

Memory: 4k page, system-wide physical 15828M (3299M free)
TotalPageFile size 34260M (AvailPageFile size 8880M)
current process WorkingSet (physical memory assigned to process): 44M, peak: 204M
current process commit charge ("private bytes"): 197M, peak: 451M

vm_info: Java HotSpot(TM) 64-Bit Server VM (24.0.1+9-30) for windows-amd64 JRE (24.0.1+9-30), built on 2025-03-05T07:23:45Z with MS VC++ 17.6 (VS2022)

END.
