#
# A fatal error has been detected by the Java Runtime Environment:
#
#  EXCEPTION_ACCESS_VIOLATION (0xc0000005) at pc=0x00007ffe2650ad06, pid=6724, tid=30936
#
# JRE version: Java(TM) SE Runtime Environment (24.0.1+9) (build 24.0.1+9-30)
# Java VM: Java HotSpot(TM) 64-Bit Server VM (24.0.1+9-30, mixed mode, sharing, tiered, compressed oops, compressed class ptrs, g1 gc, windows-amd64)
# Problematic frame:
# C  [awt.dll+0xdad06]
#
# No core dump will be written. Minidumps are not enabled by default on client versions of Windows
#
# If you would like to submit a bug report, please visit:
#   https://bugreport.java.com/bugreport/crash.jsp
# The crash happened outside the Java Virtual Machine in native code.
# See problematic frame for where to report the bug.
#

---------------  S U M M A R Y ------------

Command Line: io.qameta.allure.CommandLine serve C:\Users\OluwasegunOjeyinka\PycharmProjects\AdminELPortal\AllureReport

Host: Intel(R) Core(TM) Ultra 7 165U, 14 cores, 15G,  Windows 11 , 64 bit Build 26100 (10.0.26100.6725)
Time: Tue Nov 18 12:46:25 2025 Pacific Standard Time elapsed time: 3398.290258 seconds (0d 0h 56m 38s)

---------------  T H R E A D  ---------------

Current thread (0x000002657f7240f0):  JavaThread "AWT-EventQueue-0"        [_thread_in_native, id=30936, stack(0x0000006c9dc00000,0x0000006c9dd00000) (1024K)]

Stack: [0x0000006c9dc00000,0x0000006c9dd00000],  sp=0x0000006c9dcff0a0,  free space=1020k
Native frames: (J=compiled Java code, j=interpreted, Vv=VM code, C=native code)
C  [awt.dll+0xdad06]  (no source info available)
C  [awt.dll+0xdc542]  (no source info available)
C  0x000002652cbfce20  (no source info available)

The last pc belongs to native method entry point (kind = native) (printed below).
Java frames: (J=compiled Java code, j=interpreted, Vv=VM code)
j  sun.awt.Win32GraphicsDevice.initNativeScale(I)V+0 java.desktop@24.0.1
j  sun.awt.Win32GraphicsDevice.initScaleFactors()V+60 java.desktop@24.0.1
j  sun.awt.Win32GraphicsDevice.displayChanged()V+16 java.desktop@24.0.1
j  sun.awt.Win32GraphicsEnvironment.displayChanged()V+271 java.desktop@24.0.1
j  sun.awt.windows.WToolkit.lambda$displayChanged$0()V+15 java.desktop@24.0.1
j  sun.awt.windows.WToolkit$$Lambda+0x000002653e3557f0.run()V+0 java.desktop@24.0.1
j  java.awt.event.InvocationEvent.dispatch()V+47 java.desktop@24.0.1
j  java.awt.EventQueue.dispatchEventImpl(Ljava/awt/AWTEvent;Ljava/lang/Object;)V+21 java.desktop@24.0.1
j  java.awt.EventQueue.dispatchEvent(Ljava/awt/AWTEvent;)V+22 java.desktop@24.0.1
j  java.awt.EventDispatchThread.pumpOneEventForFilters(I)V+81 java.desktop@24.0.1
j  java.awt.EventDispatchThread.pumpEventsForFilter(ILjava/awt/Conditional;Ljava/awt/EventFilter;)V+35 java.desktop@24.0.1
j  java.awt.EventDispatchThread.pumpEventsForHierarchy(ILjava/awt/Conditional;Ljava/awt/Component;)V+11 java.desktop@24.0.1
j  java.awt.EventDispatchThread.pumpEvents(ILjava/awt/Conditional;)V+4 java.desktop@24.0.1
j  java.awt.EventDispatchThread.pumpEvents(Ljava/awt/Conditional;)V+3 java.desktop@24.0.1
j  java.awt.EventDispatchThread.run()V+9 java.desktop@24.0.1
v  ~StubRoutines::call_stub 0x000002652cbf0fcd

siginfo: EXCEPTION_ACCESS_VIOLATION (0xc0000005), reading address 0x00000000000000b0


Registers:
RAX=0x0000000000000060, RBX=0x0000026506892440, RCX=0x0000000000000060, RDX=0x0000000000000000
RSP=0x0000006c9dcff0a0, RBP=0x0000006c9dcff180, RSI=0x0000000000000000, RDI=0x0000000000000000
R8 =0x0000000000000001, R9 =0x0000006c9d9f7000, R10=0x000002652cbfcec0, R11=0x0000000000000100
R12=0x0000000000000000, R13=0x0000026501ab1f38, R14=0x0000006c9dcff1a8, R15=0x000002657f7240f0
RIP=0x00007ffe2650ad06, EFLAGS=0x0000000000010206

XMM[0]=0x0000000000000000 0x0000000000000000
XMM[1]=0x0000000000000000 0x00000000bf800000
XMM[2]=0x0000000000000000 0x0000000000000000
XMM[3]=0x0000000000000000 0x0000000000000000
XMM[4]=0x0000000000000000 0x0000000000000000
XMM[5]=0x000002653d28fb20 0x000002653d28fa28
XMM[6]=0x0000000000000000 0x0000000000000000
XMM[7]=0x0000000000000000 0x0000000000000000
XMM[8]=0x0000000000000000 0x0000000000000000
XMM[9]=0x0000000000000000 0x0000000000000000
XMM[10]=0x0000000000000000 0x0000000000000000
XMM[11]=0x0000000000000000 0x0000000000000000
XMM[12]=0x0000000000000000 0x0000000000000000
XMM[13]=0x0000000000000000 0x0000000000000000
XMM[14]=0x0000000000000000 0x0000000000000000
XMM[15]=0x0000000000000000 0x0000000000000000
  MXCSR=0x00001fa0


Register to memory mapping:

RAX=0x0000000000000060 is an unknown value
RBX=0x0000026506892440 points into unknown readable memory: 0x000002657ef57260 | 60 72 f5 7e 65 02 00 00
RCX=0x0000000000000060 is an unknown value
RDX=0x0 is null
RSP=0x0000006c9dcff0a0 is pointing into the stack for thread: 0x000002657f7240f0
RBP=0x0000006c9dcff180 is pointing into the stack for thread: 0x000002657f7240f0
RSI=0x0 is null
RDI=0x0 is null
R8 =0x0000000000000001 is an unknown value
R9 =0x0000006c9d9f7000 points into unknown readable memory: 0x0000000000000000 | 00 00 00 00 00 00 00 00
R10=0x000002652cbfcec0 is at code_begin+1152 in an Interpreter codelet
native method entry point (kind = native)  [0x000002652cbfca40, 0x000002652cbfd478]  2616 bytes
R11=0x0000000000000100 is an unknown value
R12=0x0 is null
R13={method} {0x0000026501ab1f40} 'initNativeScale' '(I)V' in 'sun/awt/Win32GraphicsDevice'
R14=0x0000006c9dcff1a8 is pointing into the stack for thread: 0x000002657f7240f0
R15=0x000002657f7240f0 is a thread

Top of Stack: (sp=0x0000006c9dcff0a0)
0x0000006c9dcff0a0:   0000026506892440 0000006c9dcff1e8   @$..e.......l...
0x0000006c9dcff0b0:   0000006c9dcff190 0000026506892440   ....l...@$..e...
0x0000006c9dcff0c0:   0000026506892440 00007ffe2650c542   @$..e...B.P&....
0x0000006c9dcff0d0:   00007ffe26567838 0000026501ab1f38   8xV&....8...e...
0x0000006c9dcff0e0:   0000000000000000 000002657f7240f0   .........@r.e...
0x0000006c9dcff0f0:   000002652cbf899a 000002652cbfce20   ...,e... ..,e...
0x0000006c9dcff100:   0000026501ab1f38 000002657f7240f0   8...e....@r.e...
0x0000006c9dcff110:   0000000000000000 00007ffd7b953c46   ........F<.{....
0x0000006c9dcff120:   0000006c9dcff180 0000000000000001   ....l...........
0x0000006c9dcff130:   0000006c9dcff208 fffffffffffffff7   ....l...........
0x0000006c9dcff140:   0000000000000000 0000000000000005   ................
0x0000006c9dcff150:   0000026501ab54e0 0000000000000000   .T..e...........
0x0000006c9dcff160:   00000007fff47928 0000026501ab1f38   (y......8...e...
0x0000006c9dcff170:   0000000000000000 0000006c9dcff1a0   ............l...
0x0000006c9dcff180:   0000006c9dcff1f8 000002652cbf8800   ....l......,e...
0x0000006c9dcff190:   0000000000000000 000002652cbfa437   ........7..,e...
0x0000006c9dcff1a0:   0000000000000000 00000007fff82f50   ........P/......
0x0000006c9dcff1b0:   fffffffffffffff7 0000026501ab259c   .........%..e...
0x0000006c9dcff1c0:   0000000000000002 0000026501ab54e0   .........T..e...
0x0000006c9dcff1d0:   0000000000000000 00000007fff47928   ........(y......
0x0000006c9dcff1e0:   0000026501ab25e8 fffffffffffffff5   .%..e...........
0x0000006c9dcff1f0:   0000006c9dcff208 0000006c9dcff258   ....l...X...l...
0x0000006c9dcff200:   000002652cbf8800 00000007fff82f50   ...,e...P/......
0x0000006c9dcff210:   fffffffffffffff7 0000026501ab3d58   ........X=..e...
0x0000006c9dcff220:   0000000000000003 0000026501ab54e0   .........T..e...
0x0000006c9dcff230:   0000000000000000 00000007fff47928   ........(y......
0x0000006c9dcff240:   0000026501ab3da0 fffffffffffffff6   .=..e...........
0x0000006c9dcff250:   0000006c9dcff270 0000006c9dcff2c0   p...l.......l...
0x0000006c9dcff260:   000002652cbf8800 0000000000000000   ...,e...........
0x0000006c9dcff270:   00000007fff82f50 fffffffffffffff7   P/..............
0x0000006c9dcff280:   0000026501aa35bf 0000000000000008   .5..e...........
0x0000006c9dcff290:   0000026501aa7848 0000000000000000   Hx..e...........

Instructions: (pc=0x00007ffe2650ad06)
  0x00007ffe2650ac06:   11 45 d4 0f 11 45 e4 0f 11 45 f4 89 45 04 c7 45
  0x00007ffe2650ac16:   a0 68 00 00 00 0f 11 44 24 34 0f 11 44 24 44 0f
  0x00007ffe2650ac26:   11 44 24 54 0f 11 44 24 64 0f 11 44 24 74 0f 11
  0x00007ffe2650ac36:   45 84 89 45 94 c7 44 24 30 68 00 00 00 48 8d 55
  0x00007ffe2650ac46:   a0 49 8b ce ff 15 c8 5c 06 00 85 c0 74 41 48 8d
  0x00007ffe2650ac56:   54 24 30 48 8b ce ff 15 b6 5c 06 00 85 c0 74 2f
  0x00007ffe2650ac66:   48 8d 54 24 34 48 8d 4d a4 ff 15 eb 5b 06 00 85
  0x00007ffe2650ac76:   c0 74 1c 48 8d 54 24 44 48 8d 4d b4 ff 15 d8 5b
  0x00007ffe2650ac86:   06 00 85 c0 74 09 8b 44 24 54 39 45 c4 74 11 ff
  0x00007ffe2650ac96:   c7 3b 7b 0c 0f 8c 40 ff ff ff 8b 3d 7a 96 06 00
  0x00007ffe2650aca6:   48 8b cb e8 62 d2 f4 ff 90 8b c7 48 8b 4d 10 48
  0x00007ffe2650acb6:   33 cc e8 93 ee 00 00 4c 8d 9c 24 20 01 00 00 49
  0x00007ffe2650acc6:   8b 5b 28 49 8b 73 30 49 8b e3 41 5e 5f 5d c3 cc
  0x00007ffe2650acd6:   cc cc cc cc cc cc cc cc cc cc 48 8b 41 08 48 8b
  0x00007ffe2650ace6:   80 18 0c 00 00 c3 cc cc cc cc 48 8b 41 08 48 05
  0x00007ffe2650acf6:   00 04 00 00 c3 cc cc cc cc cc 40 53 48 83 ec 20
=>0x00007ffe2650ad06:   83 79 50 00 48 8b d9 75 56 48 8b 49 28 4c 8d 44
  0x00007ffe2650ad16:   24 38 48 8d 54 24 30 c7 44 24 30 00 00 80 bf c7
  0x00007ffe2650ad26:   44 24 38 00 00 80 bf e8 2e ce 00 00 f3 0f 10 54
  0x00007ffe2650ad36:   24 30 0f 57 c0 0f 2f d0 76 25 f3 0f 10 4c 24 38
  0x00007ffe2650ad46:   0f 2f c8 76 1a f3 0f 5e 15 b9 8f 02 00 f3 0f 5e
  0x00007ffe2650ad56:   0d b1 8f 02 00 f3 0f 11 53 48 f3 0f 11 4b 4c 48
  0x00007ffe2650ad66:   83 c4 20 5b c3 cc cc cc cc cc 48 89 5c 24 10 48
  0x00007ffe2650ad76:   89 74 24 18 57 41 56 41 57 48 83 ec 40 48 8b d9
  0x00007ffe2650ad86:   48 83 79 18 00 75 14 b9 28 04 00 00 e8 89 85 00
  0x00007ffe2650ad96:   00 48 89 43 18 c7 00 28 00 00 00 48 8b 43 18 33
  0x00007ffe2650ada6:   ff 66 89 78 0e 48 8b 4b 28 e8 5c 03 00 00 48 8b
  0x00007ffe2650adb6:   f0 41 bf 01 00 00 00 45 8b c7 41 8b d7 48 8b c8
  0x00007ffe2650adc6:   ff 15 f4 57 06 00 4c 8b f0 89 7c 24 30 48 8b 4b
  0x00007ffe2650add6:   18 48 89 4c 24 28 48 89 7c 24 20 45 8b cf 45 33
  0x00007ffe2650ade6:   c0 48 8b d0 48 8b ce ff 15 ed 56 06 00 48 8b 53
  0x00007ffe2650adf6:   30 48 8b 0b 8b 05 24 95 06 00 83 79 04 08 0f 8e


Stack slot to memory mapping:

stack at sp + 0 slots: 0x0000026506892440 points into unknown readable memory: 0x000002657ef57260 | 60 72 f5 7e 65 02 00 00
stack at sp + 1 slots: 0x0000006c9dcff1e8 is pointing into the stack for thread: 0x000002657f7240f0
stack at sp + 2 slots: 0x0000006c9dcff190 is pointing into the stack for thread: 0x000002657f7240f0
stack at sp + 3 slots: 0x0000026506892440 points into unknown readable memory: 0x000002657ef57260 | 60 72 f5 7e 65 02 00 00
stack at sp + 4 slots: 0x0000026506892440 points into unknown readable memory: 0x000002657ef57260 | 60 72 f5 7e 65 02 00 00
stack at sp + 5 slots: 0x00007ffe2650c542 awt.dll
stack at sp + 6 slots: 0x00007ffe26567838 awt.dll
stack at sp + 7 slots: {method} {0x0000026501ab1f40} 'initNativeScale' '(I)V' in 'sun/awt/Win32GraphicsDevice'

Lock stack of current Java thread (top to bottom):

native method entry point (kind = native)  [0x000002652cbfca40, 0x000002652cbfd478]  2616 bytes
[MachCode]
  0x000002652cbfca40: 488b 4b08 | 0fb7 492e | 584c 8d74 | ccf8 6800 | 0000 0068 | 0000 0000 | 5055 488b | ec41 5568 
  0x000002652cbfca60: 0000 0000 | 4c8b 6b08 | 4d8d 6d38 | 5348 8b53 | 0848 8b52 | 0848 8b52 | 1848 8b52 | 7048 8b12 
  0x000002652cbfca80: 5248 8b53 | 1048 85d2 | 0f84 0700 | 0000 4881 | c208 0100 | 0052 488b | 5308 488b | 5208 488b 
  0x000002652cbfcaa0: 5210 5249 | 8bc6 482b | c548 c1e8 | 0350 6800 | 0000 0068 | f7ff ffff | 41c6 8771 | 0400 0001 
  0x000002652cbfcac0: 488b 4310 | 4885 c074 | 208b 88cc | 0000 0083 | c102 8988 | cc00 0000 | 2388 e000 | 0000 0f84 
  0x000002652cbfcae0: e408 0000 | e9cd 0000 | 0048 8b43 | 1848 85c0 | 0f85 b000 | 0000 e805 | 0000 00e9 | 9900 0000 
  0x000002652cbfcb00: 488b d348 | 8d44 2408 | 4c89 6dc0 | 498b cfc5 | f877 4989 | afb8 0300 | 0049 8987 | a803 0000 
  0x000002652cbfcb20: 4883 ec20 | 40f6 c40f | 0f84 1900 | 0000 4883 | ec08 48b8 | 6030 ad7b | fd7f 0000 | ffd0 4883 
  0x000002652cbfcb40: c408 e90c | 0000 0048 | b860 30ad | 7bfd 7f00 | 00ff d048 | 83c4 2049 | c787 a803 | 0000 0000 
  0x000002652cbfcb60: 0000 49c7 | 87b8 0300 | 0000 0000 | 0049 c787 | b003 0000 | 0000 0000 | c5f8 7749 | 837f 0800 
  0x000002652cbfcb80: 0f84 0500 | 0000 e935 | 43ff ff4c | 8b6d c04c | 8b75 c84e | 8d74 f500 | c348 8b43 | 1848 85c0 
  0x000002652cbfcba0: 0f84 1000 | 0000 8b08 | 83c1 0289 | 0823 4814 | 0f84 1208 | 0000 493b | a7f0 0400 | 000f 8748 
  0x000002652cbfcbc0: 0000 0089 | 8424 00f0 | ffff 8984 | 2400 e0ff | ff89 8424 | 00d0 ffff | 8984 2400 | c0ff ff89 
  0x000002652cbfcbe0: 8424 00b0 | ffff 8984 | 2400 a0ff | ff89 8424 | 0090 ffff | 8984 2400 | 80ff ff49 | 3ba7 e804 
  0x000002652cbfcc00: 0000 7607 | 4989 a7f0 | 0400 0041 | c687 7104 | 0000 0048 | 8b5d e84c | 8b5b 0845 | 0fb7 5b2e 
  0x000002652cbfcc20: 41c1 e303 | 492b e348 | 83ec 2048 | 83e4 f04c | 8b5b 604d | 85db 0f85 | ab00 0000 | e805 0000 
  0x000002652cbfcc40: 00e9 9900 | 0000 488b | d348 8d44 | 2408 4c89 | 6dc0 498b | cfc5 f877 | 4989 afb8 | 0300 0049 
  0x000002652cbfcc60: 8987 a803 | 0000 4883 | ec20 40f6 | c40f 0f84 | 1900 0000 | 4883 ec08 | 48b8 a05a | ad7b fd7f 
  0x000002652cbfcc80: 0000 ffd0 | 4883 c408 | e90c 0000 | 0048 b8a0 | 5aad 7bfd | 7f00 00ff | d048 83c4 | 2049 c787 
  0x000002652cbfcca0: a803 0000 | 0000 0000 | 49c7 87b8 | 0300 0000 | 0000 0049 | c787 b003 | 0000 0000 | 0000 c5f8 
  0x000002652cbfccc0: 7749 837f | 0800 0f84 | 0500 0000 | e9ef 41ff | ff4c 8b6d | c04c 8b75 | c84e 8d74 | f500 c348 
  0x000002652cbfcce0: 8b5d e84c | 8b5b 6041 | ffd3 488b | 5de8 4889 | 4518 448b | 5b28 41f6 | c308 0f84 | 1b00 0000 
  0x000002652cbfcd00: 4c8b 5b08 | 4d8b 5b08 | 4d8b 5b18 | 4d8b 5b70 | 4d8b 1b4c | 895d 1048 | 8d55 1048 | 8b43 5849 
  0x000002652cbfcd20: ba40 70e6 | 7bfd 7f00 | 0049 3bc2 | 0f85 ab00 | 0000 e805 | 0000 00e9 | 9900 0000 | 488b d348 
  0x000002652cbfcd40: 8d44 2408 | 4c89 6dc0 | 498b cfc5 | f877 4989 | afb8 0300 | 0049 8987 | a803 0000 | 4883 ec20 
  0x000002652cbfcd60: 40f6 c40f | 0f84 1900 | 0000 4883 | ec08 48b8 | a05a ad7b | fd7f 0000 | ffd0 4883 | c408 e90c 
  0x000002652cbfcd80: 0000 0048 | b8a0 5aad | 7bfd 7f00 | 00ff d048 | 83c4 2049 | c787 a803 | 0000 0000 | 0000 49c7 
  0x000002652cbfcda0: 87b8 0300 | 0000 0000 | 0049 c787 | b003 0000 | 0000 0000 | c5f8 7749 | 837f 0800 | 0f84 0500 
  0x000002652cbfcdc0: 0000 e9f9 | 40ff ff4c | 8b6d c04c | 8b75 c84e | 8d74 f500 | c348 8b5d | e848 8b43 | 5849 8d8f 
  0x000002652cbfcde0: c803 0000 | 4c8d 15d5 | 0000 004d | 8997 b003 | 0000 c5f8 | 7749 89af | b803 0000 | 4989 a7a8 
  0x000002652cbfce00: 0300 0041 | c787 5404 | 0000 0400 | 0000 493b | a748 0500 | 0076 0749 | 89a7 4805 | 0000 ffd0 
  0x000002652cbfce20: 493b a748 | 0500 0072 | 0b49 c787 | 4805 0000 | 0000 0000 | c5f8 7748 | 83ec 10c5 | fb11 0424 
  0x000002652cbfce40: 4883 ec10 | 4889 0424 | 48c7 4424 | 0800 0000 | 0041 c787 | 5404 0000 | 0500 0000 | f083 4424 
  0x000002652cbfce60: c000 493b | 6f28 0f87 | 0e00 0000 | 4183 bf50 | 0400 0000 | 0f84 2000 | 0000 498b | cf4c 8be4 
  0x000002652cbfce80: 4883 ec20 | 4883 e4f0 | 48b8 d0b9 | ae7b fd7f | 0000 ffd0 | 498b e44d | 33e4 41c7 | 8754 0400 
  0x000002652cbfcea0: 0008 0000 | 004d 8b97 | 7005 0000 | 4983 fa00 | 7435 49c7 | 8770 0500 | 0000 0000 | 0041 ffe2 
  0x000002652cbfcec0: 49ba 00bb | bf2c 6502 | 0000 41ff | d248 83ec | 10c5 fb11 | 0424 4883 | ec10 4889 | 0424 48c7 
  0x000002652cbfcee0: 4424 0800 | 0000 0049 | c787 a803 | 0000 0000 | 0000 49c7 | 87b8 0300 | 0000 0000 | 0049 c787 
  0x000002652cbfcf00: b003 0000 | 0000 0000 | c5f8 774d | 8b9f 3804 | 0000 41c7 | 8300 0100 | 0000 0000 | 0049 bb3a 
  0x000002652cbfcf20: a4bf 2c65 | 0200 004c | 3b5d 180f | 8555 0100 | 0048 8b04 | 2448 83c4 | 1048 85c0 | 0f84 2f01 
  0x000002652cbfcf40: 0000 a803 | 0f85 0800 | 0000 488b | 00e9 1f01 | 0000 a801 | 0f85 0900 | 0000 488b | 40fe e90e 
  0x000002652cbfcf60: 0100 0048 | 8b40 ff41 | 807f 4800 | 0f84 ff00 | 0000 4883 | f800 0f84 | f500 0000 | 4d8b 5f38 
  0x000002652cbfcf80: 4d85 db0f | 8414 0000 | 0049 83eb | 084d 895f | 384d 035f | 4049 8903 | e9d4 0000 | 0048 83ec 
  0x000002652cbfcfa0: 7048 8904 | 2448 894c | 2408 4889 | 5424 104c | 8944 2418 | 4c89 4c24 | 204c 8954 | 2428 4c89 
  0x000002652cbfcfc0: 5c24 30c5 | fb11 4424 | 40c5 fb11 | 4c24 48c5 | fb11 5424 | 50c5 fb11 | 5c24 58c5 | fb11 6424 
  0x000002652cbfcfe0: 60c5 fb11 | 6c24 6849 | 8bd7 488b | c848 83ec | 2040 f6c4 | 0f0f 8419 | 0000 0048 | 83ec 0848 
  0x000002652cbfd000: b890 49a1 | 7bfd 7f00 | 00ff d048 | 83c4 08e9 | 0c00 0000 | 48b8 9049 | a17b fd7f | 0000 ffd0 
  0x000002652cbfd020: 4883 c420 | c5fb 106c | 2468 c5fb | 1064 2460 | c5fb 105c | 2458 c5fb | 1054 2450 | c5fb 104c 
  0x000002652cbfd040: 2448 c5fb | 1044 2440 | 4c8b 5c24 | 304c 8b54 | 2428 4c8b | 4c24 204c | 8b44 2418 | 488b 5424 
  0x000002652cbfd060: 1048 8b4c | 2408 488b | 0424 4883 | c470 c5f8 | 7748 8945 | 1048 83ec | 1048 8904 | 2448 c744 
  0x000002652cbfd080: 2408 0000 | 0000 4183 | bfd0 0400 | 0002 0f85 | bf00 0000 | 4881 ec80 | 0000 0048 | 8944 2478 
  0x000002652cbfd0a0: 4889 4c24 | 7048 8954 | 2468 4889 | 5c24 6048 | 896c 2450 | 4889 7424 | 4848 897c | 2440 4c89 
  0x000002652cbfd0c0: 4424 384c | 894c 2430 | 4c89 5424 | 284c 895c | 2420 4c89 | 6424 184c | 896c 2410 | 4c89 7424 
  0x000002652cbfd0e0: 084c 893c | 244c 8be4 | 4883 ec20 | 4883 e4f0 | 48b8 d056 | e67b fd7f | 0000 ffd0 | 498b e44c 
  0x000002652cbfd100: 8b3c 244c | 8b74 2408 | 4c8b 6c24 | 104c 8b64 | 2418 4c8b | 5c24 204c | 8b54 2428 | 4c8b 4c24 
  0x000002652cbfd120: 304c 8b44 | 2438 488b | 7c24 4048 | 8b74 2448 | 488b 6c24 | 5048 8b5c | 2460 488b | 5424 6848 
  0x000002652cbfd140: 8b4c 2470 | 488b 4424 | 7848 81c4 | 8000 0000 | 4d33 e448 | 8b5d e84c | 8b6b 084d | 8d6d 3849 
  0x000002652cbfd160: 837f 0800 | 0f84 bb00 | 0000 e805 | 0000 00e9 | 9600 0000 | 488d 4424 | 084c 896d | c049 8bcf 
  0x000002652cbfd180: c5f8 7749 | 89af b803 | 0000 4989 | 87a8 0300 | 0048 83ec | 2040 f6c4 | 0f0f 8419 | 0000 0048 
  0x000002652cbfd1a0: 83ec 0848 | b840 79ad | 7bfd 7f00 | 00ff d048 | 83c4 08e9 | 0c00 0000 | 48b8 4079 | ad7b fd7f 
  0x000002652cbfd1c0: 0000 ffd0 | 4883 c420 | 49c7 87a8 | 0300 0000 | 0000 0049 | c787 b803 | 0000 0000 | 0000 49c7 
  0x000002652cbfd1e0: 87b0 0300 | 0000 0000 | 00c5 f877 | 4983 7f08 | 000f 8405 | 0000 00e9 | c43c ffff | 4c8b 6dc0 
  0x000002652cbfd200: 4c8b 75c8 | 4e8d 74f5 | 00c3 48b9 | 08ec 0c7c | fd7f 0000 | 4883 e4f0 | 48b8 30a8 | d37b fd7f 
  0x000002652cbfd220: 0000 ffd0 | f444 8b5b | 2841 f6c3 | 200f 8472 | 0100 0048 | 8d55 a84c | 8b5a 084d | 85db 0f85 
  0x000002652cbfd240: bb00 0000 | e805 0000 | 00e9 9600 | 0000 488d | 4424 084c | 896d c049 | 8bcf c5f8 | 7749 89af 
  0x000002652cbfd260: b803 0000 | 4989 87a8 | 0300 0048 | 83ec 2040 | f6c4 0f0f | 8419 0000 | 0048 83ec | 0848 b870 
  0x000002652cbfd280: 78ad 7bfd | 7f00 00ff | d048 83c4 | 08e9 0c00 | 0000 48b8 | 7078 ad7b | fd7f 0000 | ffd0 4883 
  0x000002652cbfd2a0: c420 49c7 | 87a8 0300 | 0000 0000 | 0049 c787 | b803 0000 | 0000 0000 | 49c7 87b0 | 0300 0000 
  0x000002652cbfd2c0: 0000 00c5 | f877 4983 | 7f08 000f | 8405 0000 | 00e9 ea3b | ffff 4c8b | 6dc0 4c8b | 75c8 4e8d 
  0x000002652cbfd2e0: 74f5 00c3 | 48b9 08ec | 0c7c fd7f | 0000 4883 | e4f0 48b8 | 30a8 d37b | fd7f 0000 | ffd0 f44c 
  0x000002652cbfd300: 896d c04c | 8b4a 0848 | c742 0800 | 0000 0045 | 8b87 5806 | 0000 4f3b | 4c07 f80f | 8542 0000 
  0x000002652cbfd320: 0041 83af | 5806 0000 | 084f 3b4c | 07f0 0f84 | 2a00 0000 | 498b 01a8 | 020f 8512 | 0000 004c 
  0x000002652cbfd340: 8bc0 4983 | c801 f04d | 0fb1 010f | 840d 0000 | 0041 8387 | 5806 0000 | 08e9 0500 | 0000 e93e 
  0x000002652cbfd360: 0000 004c | 894a 0848 | 8bca 4883 | ec20 40f6 | c40f 0f84 | 1900 0000 | 4883 ec08 | 48b8 904a 
  0x000002652cbfd380: ad7b fd7f | 0000 ffd0 | 4883 c408 | e90c 0000 | 0048 b890 | 4aad 7bfd | 7f00 00ff | d048 83c4 
  0x000002652cbfd3a0: 204c 8b6d | c048 8b04 | 2448 83c4 | 10c5 fb10 | 0424 4883 | c410 4c8b | 5d18 41ff | d34c 8b5d 
  0x000002652cbfd3c0: f8c9 5f49 | 8be3 ffe7 | ba00 0000 | 00e8 0500 | 0000 e996 | 0000 0048 | 8d44 2408 | 4c89 6dc0 
  0x000002652cbfd3e0: 498b cfc5 | f877 4989 | afb8 0300 | 0049 8987 | a803 0000 | 4883 ec20 | 40f6 c40f | 0f84 1900 
  0x000002652cbfd400: 0000 4883 | ec08 48b8 | 303f ad7b | fd7f 0000 | ffd0 4883 | c408 e90c | 0000 0048 | b830 3fad 
  0x000002652cbfd420: 7bfd 7f00 | 00ff d048 | 83c4 2049 | c787 a803 | 0000 0000 | 0000 49c7 | 87b8 0300 | 0000 0000 
  0x000002652cbfd440: 0049 c787 | b003 0000 | 0000 0000 | c5f8 7749 | 837f 0800 | 0f84 0500 | 0000 e961 | 3aff ff4c 
  0x000002652cbfd460: 8b6d c04c | 8b75 c84e | 8d74 f500 | c348 8b5d | e8e9 40f7 | ffff 6690 
[/MachCode]

---------------  P R O C E S S  ---------------

Threads class SMR info:
_java_thread_list=0x000002657f2913d0, length=18, elements={
0x000002651a964550, 0x000002653c7f35a0, 0x000002653c7f3ce0, 0x000002653c7f8ff0,
0x000002653c7fbb40, 0x000002653c7ffa10, 0x000002653c7feb70, 0x000002653c802bf0,
0x000002653c815df0, 0x000002653c7ff2c0, 0x000002653c800160, 0x000002657ed978e0,
0x000002657ed99620, 0x000002657ed9ac10, 0x000002657f724840, 0x000002657f721510,
0x000002657f722b00, 0x000002657f7240f0
}

Java Threads: ( => current thread )
  0x000002651a964550 JavaThread "main"                              [_thread_blocked, id=22812, stack(0x0000006c9de00000,0x0000006c9df00000) (1024K)]
  0x000002653c7f35a0 JavaThread "Reference Handler"          daemon [_thread_blocked, id=27604, stack(0x0000006c9e600000,0x0000006c9e700000) (1024K)]
  0x000002653c7f3ce0 JavaThread "Finalizer"                  daemon [_thread_blocked, id=26472, stack(0x0000006c9e700000,0x0000006c9e800000) (1024K)]
  0x000002653c7f8ff0 JavaThread "Signal Dispatcher"          daemon [_thread_blocked, id=10420, stack(0x0000006c9e800000,0x0000006c9e900000) (1024K)]
  0x000002653c7fbb40 JavaThread "Attach Listener"            daemon [_thread_blocked, id=31580, stack(0x0000006c9e900000,0x0000006c9ea00000) (1024K)]
  0x000002653c7ffa10 JavaThread "Service Thread"             daemon [_thread_blocked, id=32004, stack(0x0000006c9ea00000,0x0000006c9eb00000) (1024K)]
  0x000002653c7feb70 JavaThread "Monitor Deflation Thread"   daemon [_thread_blocked, id=34960, stack(0x0000006c9eb00000,0x0000006c9ec00000) (1024K)]
  0x000002653c802bf0 JavaThread "C2 CompilerThread0"         daemon [_thread_blocked, id=17784, stack(0x0000006c9ec00000,0x0000006c9ed00000) (1024K)]
  0x000002653c815df0 JavaThread "C1 CompilerThread0"         daemon [_thread_blocked, id=27000, stack(0x0000006c9ed00000,0x0000006c9ee00000) (1024K)]
  0x000002653c7ff2c0 JavaThread "Notification Thread"        daemon [_thread_blocked, id=34052, stack(0x0000006c9ee00000,0x0000006c9ef00000) (1024K)]
  0x000002653c800160 JavaThread "Common-Cleaner"             daemon [_thread_blocked, id=30500, stack(0x0000006c9ef00000,0x0000006c9f000000) (1024K)]
  0x000002657ed978e0 JavaThread "idle-timeout-task"          daemon [_thread_blocked, id=12820, stack(0x0000006ca0b00000,0x0000006ca0c00000) (1024K)]
  0x000002657ed99620 JavaThread "HTTP-Dispatcher"                   [_thread_in_native, id=27940, stack(0x0000006ca0c00000,0x0000006ca0d00000) (1024K)]
  0x000002657ed9ac10 JavaThread "Java2D Disposer"            daemon [_thread_blocked, id=29076, stack(0x0000006ca0d00000,0x0000006ca0e00000) (1024K)]
  0x000002657f724840 JavaThread "AWT-Windows"                daemon [_thread_in_native, id=13536, stack(0x0000006ca0f00000,0x0000006ca1000000) (1024K)]
  0x000002657f721510 JavaThread "Swing-Shell"                daemon [_thread_blocked, id=17260, stack(0x0000006ca0500000,0x0000006ca0600000) (1024K)]
  0x000002657f722b00 JavaThread "AWT-Shutdown"                      [_thread_blocked, id=28396, stack(0x0000006c9db00000,0x0000006c9dc00000) (1024K)]
=>0x000002657f7240f0 JavaThread "AWT-EventQueue-0"                  [_thread_in_native, id=30936, stack(0x0000006c9dc00000,0x0000006c9dd00000) (1024K)]
Total: 18

Other Threads:
  0x000002653c7e5d00 VMThread "VM Thread"                           [id=5960, stack(0x0000006c9e500000,0x0000006c9e600000) (1024K)]
  0x000002653c7d1a00 WatcherThread "VM Periodic Task Thread"        [id=30332, stack(0x0000006c9e400000,0x0000006c9e500000) (1024K)]
  0x000002651ce84d30 WorkerThread "GC Thread#0"                     [id=30496, stack(0x0000006c9df00000,0x0000006c9e000000) (1024K)]
  0x000002657edd45b0 WorkerThread "GC Thread#1"                     [id=35492, stack(0x0000006c9fe00000,0x0000006c9ff00000) (1024K)]
  0x000002657edd4d70 WorkerThread "GC Thread#2"                     [id=25168, stack(0x0000006c9ff00000,0x0000006ca0000000) (1024K)]
  0x000002657edd5120 WorkerThread "GC Thread#3"                     [id=10924, stack(0x0000006ca0000000,0x0000006ca0100000) (1024K)]
  0x000002657edd58e0 WorkerThread "GC Thread#4"                     [id=10228, stack(0x0000006ca0100000,0x0000006ca0200000) (1024K)]
  0x000002657edd7ca0 WorkerThread "GC Thread#5"                     [id=23028, stack(0x0000006ca0200000,0x0000006ca0300000) (1024K)]
  0x000002657edfab00 WorkerThread "GC Thread#6"                     [id=26408, stack(0x0000006ca0300000,0x0000006ca0400000) (1024K)]
  0x000002657edfaeb0 WorkerThread "GC Thread#7"                     [id=23908, stack(0x0000006ca0400000,0x0000006ca0500000) (1024K)]
  0x000002657f36d200 WorkerThread "GC Thread#8"                     [id=21416, stack(0x0000006ca0600000,0x0000006ca0700000) (1024K)]
  0x000002657efc7040 WorkerThread "GC Thread#9"                     [id=19056, stack(0x0000006ca0700000,0x0000006ca0800000) (1024K)]
  0x00000265048838d0 WorkerThread "GC Thread#10"                    [id=1240, stack(0x0000006ca0800000,0x0000006ca0900000) (1024K)]
  0x000002651ce9b1b0 ConcurrentGCThread "G1 Main Marker"            [id=35796, stack(0x0000006c9e000000,0x0000006c9e100000) (1024K)]
  0x000002651ce9cab0 WorkerThread "G1 Conc#0"                       [id=22780, stack(0x0000006c9e100000,0x0000006c9e200000) (1024K)]
  0x00000265048843e0 WorkerThread "G1 Conc#1"                       [id=23372, stack(0x0000006ca0900000,0x0000006ca0a00000) (1024K)]
  0x0000026504883520 WorkerThread "G1 Conc#2"                       [id=35460, stack(0x0000006ca0a00000,0x0000006ca0b00000) (1024K)]
  0x000002651cede970 ConcurrentGCThread "G1 Refine#0"               [id=30456, stack(0x0000006c9e200000,0x0000006c9e300000) (1024K)]
  0x000002653c697760 ConcurrentGCThread "G1 Service"                [id=34024, stack(0x0000006c9e300000,0x0000006c9e400000) (1024K)]
Total: 19

Threads with active compile tasks:
Total: 0

VM state: not at safepoint (normal execution)

VM Mutex/Monitor currently owned by a thread: None

Heap address: 0x0000000708a00000, size: 3958 MB, Compressed Oops mode: Zero based, Oop shift amount: 3

CDS archive(s) mapped at: [0x000002653d000000-0x000002653dd40000-0x000002653dd40000), size 13893632, SharedBaseAddress: 0x000002653d000000, ArchiveRelocationMode: 1.
Compressed class space mapped at: 0x000002653e000000-0x000002657e000000, reserved size: 1073741824
UseCompressedClassPointers 1, UseCompactObjectHeaders 0
Narrow klass pointer bits 32, Max shift 3
Narrow klass base: 0x000002653d000000, Narrow klass shift: 0
Encoding Range: [0x000002653d000000 - 0x000002663d000000), (4294967296 bytes)
Klass Range:    [0x000002653d000000 - 0x000002657e000000), (1090519040 bytes)
Klass ID Range:  [8 - 1090519033) (1090519025)

GC Precious Log:
 CardTable entry size: 512
 Card Set container configuration: InlinePtr #cards 4 size 8 Array Of Cards #cards 16 size 48 Howl #buckets 8 coarsen threshold 3686 Howl Bitmap #cards 512 size 80 coarsen threshold 460 Card regions per heap region 1 cards per card region 4096
 CPUs: 14 total, 14 available
 Memory: 15828M
 Large Page Support: Disabled
 NUMA Support: Disabled
 Compressed Oops: Enabled (Zero based)
 Heap Region Size: 2M
 Heap Min Capacity: 8M
 Heap Initial Capacity: 248M
 Heap Max Capacity: 3958M
 Pre-touch: Disabled
 Parallel Workers: 11
 Concurrent Workers: 3
 Concurrent Refinement Workers: 11
 Periodic GC: Disabled

Heap:
 garbage-first heap   total reserved 4052992K, committed 55296K, used 14813K [0x0000000708a00000, 0x0000000800000000)
  region size 2048K, 3 young (6144K), 2 survivors (4096K)
 Metaspace       used 31083K, committed 31488K, reserved 1114112K
  class space    used 3317K, committed 3456K, reserved 1048576K

Heap Regions: E=young(eden), S=young(survivor), O=old, HS=humongous(starts), HC=humongous(continues), CS=collection set, F=free, TAMS=top-at-mark-start, PB=parsable bottom
|   0|0x0000000708a00000, 0x0000000708c00000, 0x0000000708c00000|100%| O|  |TAMS 0x0000000708a00000| PB 0x0000000708a00000| Untracked |  0
|   1|0x0000000708c00000, 0x0000000708e00000, 0x0000000708e00000|100%| O|  |TAMS 0x0000000708c00000| PB 0x0000000708c00000| Untracked |  0
|   2|0x0000000708e00000, 0x0000000708f1e8c0, 0x0000000709000000| 55%| O|  |TAMS 0x0000000708e00000| PB 0x0000000708e00000| Untracked |  0
|   3|0x0000000709000000, 0x0000000709000000, 0x0000000709200000|  0%| F|  |TAMS 0x0000000709000000| PB 0x0000000709000000| Untracked |  0
|   4|0x0000000709200000, 0x0000000709200000, 0x0000000709400000|  0%| F|  |TAMS 0x0000000709200000| PB 0x0000000709200000| Untracked |  0
|   5|0x0000000709400000, 0x0000000709400000, 0x0000000709600000|  0%| F|  |TAMS 0x0000000709400000| PB 0x0000000709400000| Untracked |  0
|   6|0x0000000709600000, 0x0000000709758c20, 0x0000000709800000| 67%| S|CS|TAMS 0x0000000709600000| PB 0x0000000709600000| Complete |  0
|   7|0x0000000709800000, 0x0000000709a00000, 0x0000000709a00000|100%| S|CS|TAMS 0x0000000709800000| PB 0x0000000709800000| Complete |  0
|   8|0x0000000709a00000, 0x0000000709a00000, 0x0000000709c00000|  0%| F|  |TAMS 0x0000000709a00000| PB 0x0000000709a00000| Untracked |  0
|   9|0x0000000709c00000, 0x0000000709c00000, 0x0000000709e00000|  0%| F|  |TAMS 0x0000000709c00000| PB 0x0000000709c00000| Untracked |  0
|  10|0x0000000709e00000, 0x0000000709e00000, 0x000000070a000000|  0%| F|  |TAMS 0x0000000709e00000| PB 0x0000000709e00000| Untracked |  0
|  11|0x000000070a000000, 0x000000070a000000, 0x000000070a200000|  0%| F|  |TAMS 0x000000070a000000| PB 0x000000070a000000| Untracked |  0
|  12|0x000000070a200000, 0x000000070a200000, 0x000000070a400000|  0%| F|  |TAMS 0x000000070a200000| PB 0x000000070a200000| Untracked |  0
|  13|0x000000070a400000, 0x000000070a400000, 0x000000070a600000|  0%| F|  |TAMS 0x000000070a400000| PB 0x000000070a400000| Untracked |  0
|  14|0x000000070a600000, 0x000000070a600000, 0x000000070a800000|  0%| F|  |TAMS 0x000000070a600000| PB 0x000000070a600000| Untracked |  0
|  15|0x000000070a800000, 0x000000070a800000, 0x000000070aa00000|  0%| F|  |TAMS 0x000000070a800000| PB 0x000000070a800000| Untracked |  0
|  16|0x000000070aa00000, 0x000000070aa00000, 0x000000070ac00000|  0%| F|  |TAMS 0x000000070aa00000| PB 0x000000070aa00000| Untracked |  0
|  79|0x0000000712800000, 0x0000000712800000, 0x0000000712a00000|  0%| F|  |TAMS 0x0000000712800000| PB 0x0000000712800000| Untracked |  0
|  80|0x0000000712a00000, 0x0000000712a00000, 0x0000000712c00000|  0%| F|  |TAMS 0x0000000712a00000| PB 0x0000000712a00000| Untracked |  0
|  81|0x0000000712c00000, 0x0000000712c00000, 0x0000000712e00000|  0%| F|  |TAMS 0x0000000712c00000| PB 0x0000000712c00000| Untracked |  0
|  82|0x0000000712e00000, 0x0000000712e00000, 0x0000000713000000|  0%| F|  |TAMS 0x0000000712e00000| PB 0x0000000712e00000| Untracked |  0
|  83|0x0000000713000000, 0x0000000713000000, 0x0000000713200000|  0%| F|  |TAMS 0x0000000713000000| PB 0x0000000713000000| Untracked |  0
| 123|0x0000000718000000, 0x0000000718000000, 0x0000000718200000|  0%| F|  |TAMS 0x0000000718000000| PB 0x0000000718000000| Untracked |  0
|1975|0x00000007ff800000, 0x00000007ffa00000, 0x00000007ffa00000|100%| O|  |TAMS 0x00000007ff800000| PB 0x00000007ff800000| Untracked |  0
|1976|0x00000007ffa00000, 0x00000007ffc00000, 0x00000007ffc00000|100%| O|  |TAMS 0x00000007ffa00000| PB 0x00000007ffa00000| Untracked |  0
|1977|0x00000007ffc00000, 0x00000007ffe00000, 0x00000007ffe00000|100%| O|  |TAMS 0x00000007ffc00000| PB 0x00000007ffc00000| Untracked |  0
|1978|0x00000007ffe00000, 0x00000007fff8f928, 0x0000000800000000| 78%| E|  |TAMS 0x00000007ffe00000| PB 0x00000007ffe00000| Complete |  0

Card table byte_map: [0x00000265354e0000,0x0000026535ca0000] _byte_map_base: 0x0000026531c9b000

Marking Bits: (CMBitMap*) 0x000002651ce87350
 Bits: [0x0000026535ca0000, 0x0000026539a78000)

Polling page: 0x000002651abf0000

Metaspace:

Usage:
  Non-class:     27.12 MB used.
      Class:      3.24 MB used.
       Both:     30.35 MB used.

Virtual space:
  Non-class space:       64.00 MB reserved,      27.38 MB ( 43%) committed,  1 nodes.
      Class space:        1.00 GB reserved,       3.38 MB ( <1%) committed,  1 nodes.
             Both:        1.06 GB reserved,      30.75 MB (  3%) committed. 

Chunk freelists:
   Non-Class:  4.25 MB
       Class:  12.55 MB
        Both:  16.80 MB

MaxMetaspaceSize: unlimited
CompressedClassSpaceSize: 1.00 GB
Initial GC threshold: 21.00 MB
Current GC threshold: 35.12 MB
CDS: on
 - commit_granule_bytes: 65536.
 - commit_granule_words: 8192.
 - virtual_space_node_default_size: 8388608.
 - enlarge_chunks_in_place: 1.
UseCompressedClassPointers 1, UseCompactObjectHeaders 0
Narrow klass pointer bits 32, Max shift 3
Narrow klass base: 0x000002653d000000, Narrow klass shift: 0
Encoding Range: [0x000002653d000000 - 0x000002663d000000), (4294967296 bytes)
Klass Range:    [0x000002653d000000 - 0x000002657e000000), (1090519040 bytes)
Klass ID Range:  [8 - 1090519033) (1090519025)


Internal statistics:

num_allocs_failed_limit: 3.
num_arena_births: 276.
num_arena_deaths: 0.
num_vsnodes_births: 2.
num_vsnodes_deaths: 0.
num_space_committed: 491.
num_space_uncommitted: 0.
num_chunks_returned_to_freelist: 3.
num_chunks_taken_from_freelist: 1018.
num_chunk_merges: 0.
num_chunk_splits: 717.
num_chunks_enlarged: 565.
num_inconsistent_stats: 0.

CodeHeap 'non-profiled nmethods': size=120064Kb used=1627Kb max_used=1627Kb free=118436Kb
 bounds [0x000002652d180000, 0x000002652d3f0000, 0x00000265346c0000]
CodeHeap 'profiled nmethods': size=120000Kb used=6730Kb max_used=6730Kb free=113269Kb
 bounds [0x00000265256c0000, 0x0000026525d60000, 0x000002652cbf0000]
CodeHeap 'non-nmethods': size=5696Kb used=1515Kb max_used=1570Kb free=4180Kb
 bounds [0x000002652cbf0000, 0x000002652ce60000, 0x000002652d180000]
CodeCache: size=245760Kb, used=9872Kb, max_used=9927Kb, free=235885Kb
 total_blobs=4774, nmethods=4093, adapters=585, full_count=0
Compilation: enabled, stopped_count=0, restarted_count=0

Compilation events (20 events):
Event: 2905.268 Thread 0x000002653c802bf0 4092       4       sun.nio.ch.WEPollSelectorImpl::processEvents (152 bytes)
Event: 2905.269 Thread 0x000002653c802bf0 nmethod 4092 0x000002652d313d08 code [0x000002652d313e00, 0x000002652d313e98]
Event: 2905.269 Thread 0x000002653c802bf0 4093   !   4       sun.nio.ch.SelectorImpl::lockAndDoSelect (87 bytes)
Event: 2905.287 Thread 0x000002653c802bf0 nmethod 4093 0x000002652d314008 code [0x000002652d314200, 0x000002652d315ae8]
Event: 3393.351 Thread 0x000002653c815df0 4095       3       java.util.logging.LogManager::getProperty (9 bytes)
Event: 3393.361 Thread 0x000002653c815df0 nmethod 4095 0x0000026525d4e488 code [0x0000026525d4e5a0, 0x0000026525d4e778]
Event: 3393.362 Thread 0x000002653c815df0 4096       3       java.lang.invoke.LambdaForm$MH/0x000002653e00d000::invoke (25 bytes)
Event: 3393.365 Thread 0x000002653c815df0 nmethod 4096 0x0000026525d4e788 code [0x0000026525d4e8c0, 0x0000026525d4ee40]
Event: 3393.380 Thread 0x000002653c815df0 4097       1       java.util.logging.Level::intValue (5 bytes)
Event: 3393.380 Thread 0x000002653c815df0 nmethod 4097 0x000002652d315f08 code [0x000002652d316000, 0x000002652d3160c8]
Event: 3397.126 Thread 0x000002653c802bf0 4098       4       jdk.internal.classfile.impl.AbstractPoolEntry$Utf8EntryImpl::toString (88 bytes)
Event: 3397.132 Thread 0x000002653c815df0 4099       3       java.lang.invoke.MethodHandles::makeIdentity (23 bytes)
Event: 3397.138 Thread 0x000002653c815df0 nmethod 4099 0x0000026525d4ee88 code [0x0000026525d4f080, 0x0000026525d4fbc8]
Event: 3397.142 Thread 0x000002653c802bf0 nmethod 4098 0x000002652d316208 code [0x000002652d316360, 0x000002652d3168d8]
Event: 3397.442 Thread 0x000002653c815df0 4102       3       jdk.internal.reflect.MethodHandleAccessorFactory::getDirectMethod (86 bytes)
Event: 3397.446 Thread 0x000002653c815df0 nmethod 4102 0x0000026525d4fc88 code [0x0000026525d4fe40, 0x0000026525d506f8]
Event: 3397.446 Thread 0x000002653c815df0 4103       3       jdk.internal.reflect.MethodHandleAccessorFactory::specializedMethodType (216 bytes)
Event: 3397.448 Thread 0x000002653c815df0 nmethod 4103 0x0000026525d50788 code [0x0000026525d50a60, 0x0000026525d526a0]
Event: 3397.450 Thread 0x000002653c815df0 4104       3       jdk.internal.reflect.MethodAccessorImpl::<init> (5 bytes)
Event: 3397.450 Thread 0x000002653c815df0 nmethod 4104 0x0000026525d52708 code [0x0000026525d52820, 0x0000026525d52980]

GC Heap History (8 events):
Event: 0.966 GC heap before
{Heap before GC invocations=0 (full 0):
 garbage-first heap   total reserved 4052992K, committed 256000K, used 50292K [0x0000000708a00000, 0x0000000800000000)
  region size 2048K, 24 young (49152K), 0 survivors (0K)
 Metaspace       used 14056K, committed 14272K, reserved 1114112K
  class space    used 1381K, committed 1472K, reserved 1048576K
}
Event: 0.971 GC heap after
{Heap after GC invocations=1 (full 0):
 garbage-first heap   total reserved 4052992K, committed 256000K, used 6409K [0x0000000708a00000, 0x0000000800000000)
  region size 2048K, 3 young (6144K), 3 survivors (6144K)
 Metaspace       used 14056K, committed 14272K, reserved 1114112K
  class space    used 1381K, committed 1472K, reserved 1048576K
}
Event: 1.972 GC heap before
{Heap before GC invocations=1 (full 0):
 garbage-first heap   total reserved 4052992K, committed 256000K, used 80137K [0x0000000708a00000, 0x0000000800000000)
  region size 2048K, 40 young (81920K), 3 survivors (6144K)
 Metaspace       used 21302K, committed 21504K, reserved 1114112K
  class space    used 2272K, committed 2368K, reserved 1048576K
}
Event: 1.981 GC heap after
{Heap after GC invocations=2 (full 0):
 garbage-first heap   total reserved 4052992K, committed 256000K, used 11306K [0x0000000708a00000, 0x0000000800000000)
  region size 2048K, 5 young (10240K), 5 survivors (10240K)
 Metaspace       used 21302K, committed 21504K, reserved 1114112K
  class space    used 2272K, committed 2368K, reserved 1048576K
}
Event: 2.730 GC heap before
{Heap before GC invocations=3 (full 0):
 garbage-first heap   total reserved 4052992K, committed 40960K, used 37930K [0x0000000708a00000, 0x0000000800000000)
  region size 2048K, 17 young (34816K), 5 survivors (10240K)
 Metaspace       used 27508K, committed 27840K, reserved 1114112K
  class space    used 2967K, committed 3136K, reserved 1048576K
}
Event: 2.736 GC heap after
{Heap after GC invocations=4 (full 0):
 garbage-first heap   total reserved 4052992K, committed 55296K, used 13561K [0x0000000708a00000, 0x0000000800000000)
  region size 2048K, 4 young (8192K), 4 survivors (8192K)
 Metaspace       used 27508K, committed 27840K, reserved 1114112K
  class space    used 2967K, committed 3136K, reserved 1048576K
}
Event: 3.880 GC heap before
{Heap before GC invocations=4 (full 0):
 garbage-first heap   total reserved 4052992K, committed 55296K, used 34041K [0x0000000708a00000, 0x0000000800000000)
  region size 2048K, 15 young (30720K), 4 survivors (8192K)
 Metaspace       used 30568K, committed 30912K, reserved 1114112K
  class space    used 3278K, committed 3456K, reserved 1048576K
}
Event: 3.891 GC heap after
{Heap after GC invocations=5 (full 0):
 garbage-first heap   total reserved 4052992K, committed 55296K, used 14813K [0x0000000708a00000, 0x0000000800000000)
  region size 2048K, 2 young (4096K), 2 survivors (4096K)
 Metaspace       used 30568K, committed 30912K, reserved 1114112K
  class space    used 3278K, committed 3456K, reserved 1048576K
}

Dll operation events (9 events):
Event: 0.009 Loaded shared library C:\Program Files\Java\jdk-24\bin\java.dll
Event: 0.041 Loaded shared library C:\Program Files\Java\jdk-24\bin\jsvml.dll
Event: 0.062 Loaded shared library C:\Program Files\Java\jdk-24\bin\net.dll
Event: 0.063 Loaded shared library C:\Program Files\Java\jdk-24\bin\nio.dll
Event: 0.067 Loaded shared library C:\Program Files\Java\jdk-24\bin\zip.dll
Event: 0.152 Loaded shared library C:\Program Files\Java\jdk-24\bin\jimage.dll
Event: 2.218 Loaded shared library C:\Program Files\Java\jdk-24\bin\extnet.dll
Event: 2.293 Loaded shared library C:\Program Files\Java\jdk-24\bin\sunmscapi.dll
Event: 2.779 Loaded shared library C:\Program Files\Java\jdk-24\bin\awt.dll

Deoptimization events (20 events):
Event: 3.535 Thread 0x000002657ed99620 Uncommon trap: trap_request=0xffffff4d fr.pc=0x000002652d2f71d0 relative=0x00000000000008f0
Event: 3.535 Thread 0x000002657ed99620 Uncommon trap: reason=unstable_if action=reinterpret pc=0x000002652d2f71d0 method=java.lang.CharacterData.of(I)Ljava/lang/CharacterData; @ 15 c2
Event: 3.536 Thread 0x000002657ed99620 DEOPT PACKING pc=0x000002652d2f71d0 sp=0x0000006ca0cfe640
Event: 3.536 Thread 0x000002657ed99620 DEOPT UNPACKING pc=0x000002652cd07802 sp=0x0000006ca0cfe4f8 mode 2
Event: 3.536 Thread 0x000002657ed99620 Uncommon trap: trap_request=0xffffff4d fr.pc=0x000002652d240440 relative=0x0000000000000480
Event: 3.536 Thread 0x000002657ed99620 Uncommon trap: reason=unstable_if action=reinterpret pc=0x000002652d240440 method=java.lang.CharacterData.of(I)Ljava/lang/CharacterData; @ 15 c2
Event: 3.537 Thread 0x000002657ed99620 DEOPT PACKING pc=0x000002652d240440 sp=0x0000006ca0cfe650
Event: 3.537 Thread 0x000002657ed99620 DEOPT UNPACKING pc=0x000002652cd07802 sp=0x0000006ca0cfe4f8 mode 2
Event: 3.651 Thread 0x000002657ed99620 Uncommon trap: trap_request=0xffffff4d fr.pc=0x000002652d307200 relative=0x00000000000012c0
Event: 3.651 Thread 0x000002657ed99620 Uncommon trap: reason=unstable_if action=reinterpret pc=0x000002652d307200 method=org.apache.tika.detect.MagicDetector.detect(Ljava/io/InputStream;Lorg/apache/tika/metadata/Metadata;)Lorg/apache/tika/mime/MediaType; @ 118 c2
Event: 3.651 Thread 0x000002657ed99620 DEOPT PACKING pc=0x000002652d307200 sp=0x0000006ca0cfe6c0
Event: 3.651 Thread 0x000002657ed99620 DEOPT UNPACKING pc=0x000002652cd07802 sp=0x0000006ca0cfe648 mode 2
Event: 3.891 Thread 0x000002657ed99620 Uncommon trap: trap_request=0xffffffbe fr.pc=0x000002652d30bd18 relative=0x0000000000000fb8
Event: 3.891 Thread 0x000002657ed99620 Uncommon trap: reason=profile_predicate action=maybe_recompile pc=0x000002652d30bd18 method=java.util.regex.Pattern$BnM.optimize(Ljava/util/regex/Pattern$Node;)Ljava/util/regex/Pattern$Node; @ 67 c2
Event: 3.891 Thread 0x000002657ed99620 DEOPT PACKING pc=0x000002652d30bd18 sp=0x0000006ca0cfe620
Event: 3.891 Thread 0x000002657ed99620 DEOPT UNPACKING pc=0x000002652cd07802 sp=0x0000006ca0cfe570 mode 2
Event: 3.891 Thread 0x000002657ed99620 Uncommon trap: trap_request=0xffffffbe fr.pc=0x000002652d30bd18 relative=0x0000000000000fb8
Event: 3.891 Thread 0x000002657ed99620 Uncommon trap: reason=profile_predicate action=maybe_recompile pc=0x000002652d30bd18 method=java.util.regex.Pattern$BnM.optimize(Ljava/util/regex/Pattern$Node;)Ljava/util/regex/Pattern$Node; @ 67 c2
Event: 3.891 Thread 0x000002657ed99620 DEOPT PACKING pc=0x000002652d30bd18 sp=0x0000006ca0cfe620
Event: 3.891 Thread 0x000002657ed99620 DEOPT UNPACKING pc=0x000002652cd07802 sp=0x0000006ca0cfe570 mode 2

Classes loaded (20 events):
Event: 3397.464 Loading class sun/java2d/pipe/hw/ContextCapabilities done
Event: 3397.464 Loading class sun/java2d/d3d/D3DContext$D3DContextCaps done
Event: 3397.464 Loading class sun/awt/image/SurfaceManager$ProxyCache
Event: 3397.465 Loading class sun/awt/image/SurfaceManager$ProxyCache done
Event: 3397.486 Loading class sun/awt/Win32GraphicsConfig
Event: 3397.490 Loading class sun/awt/image/SurfaceManager$ProxiedGraphicsConfig
Event: 3397.490 Loading class sun/awt/image/SurfaceManager$ProxiedGraphicsConfig done
Event: 3397.490 Loading class java/awt/GraphicsConfiguration
Event: 3397.491 Loading class java/awt/GraphicsConfiguration done
Event: 3397.491 Loading class sun/awt/Win32GraphicsConfig done
Event: 3397.504 Loading class java/awt/Rectangle
Event: 3397.508 Loading class java/awt/Shape
Event: 3397.510 Loading class java/awt/Shape done
Event: 3397.510 Loading class java/awt/geom/Rectangle2D
Event: 3397.512 Loading class java/awt/geom/RectangularShape
Event: 3397.521 Loading class java/awt/geom/RectangularShape done
Event: 3397.521 Loading class java/awt/geom/Rectangle2D done
Event: 3397.521 Loading class java/awt/Rectangle done
Event: 3397.758 Loading class java/util/ArrayList$ListItr
Event: 3397.760 Loading class java/util/ArrayList$ListItr done

Classes unloaded (0 events):
No events

Classes redefined (0 events):
No events

Internal exceptions (20 events):
Event: 2.721 Thread 0x000002651a964550 Exception <a 'sun/nio/fs/WindowsException'{0x0000000708f60198}> (0x0000000708f60198) 
thrown [s\open\src\hotspot\share\prims\jni.cpp, line 518]
Event: 2.721 Thread 0x000002651a964550 Exception <a 'sun/nio/fs/WindowsException'{0x0000000708f60860}> (0x0000000708f60860) 
thrown [s\open\src\hotspot\share\prims\jni.cpp, line 518]
Event: 2.721 Thread 0x000002651a964550 Exception <a 'sun/nio/fs/WindowsException'{0x0000000708f60f28}> (0x0000000708f60f28) 
thrown [s\open\src\hotspot\share\prims\jni.cpp, line 518]
Event: 2.722 Thread 0x000002651a964550 Exception <a 'sun/nio/fs/WindowsException'{0x0000000708f615b8}> (0x0000000708f615b8) 
thrown [s\open\src\hotspot\share\prims\jni.cpp, line 518]
Event: 2.747 Thread 0x000002651a964550 Exception <a 'java/lang/NoClassDefFoundError'{0x00000007180d5298}: org/python/core/PyException> (0x00000007180d5298) 
thrown [s\open\src\hotspot\share\classfile\systemDictionary.cpp, line 316]
Event: 2.751 Thread 0x000002651a964550 Exception <a 'sun/nio/fs/WindowsException'{0x00000007180f0970}> (0x00000007180f0970) 
thrown [s\open\src\hotspot\share\prims\jni.cpp, line 518]
Event: 2.776 Thread 0x000002651a964550 Exception <a 'java/lang/ClassNotFoundException'{0x0000000718153790}: sun/awt/resources/spi/awtProvider> (0x0000000718153790) 
thrown [s\open\src\hotspot\share\classfile\systemDictionary.cpp, line 327]
Event: 2.780 Thread 0x000002651a964550 Exception <a 'java/io/FileNotFoundException'{0x0000000718155dd8}> (0x0000000718155dd8) 
thrown [s\open\src\hotspot\share\prims\jni.cpp, line 518]
Event: 2.781 Thread 0x000002651a964550 Exception <a 'java/io/FileNotFoundException'{0x0000000718167910}> (0x0000000718167910) 
thrown [s\open\src\hotspot\share\prims\jni.cpp, line 518]
Event: 3.354 Thread 0x000002657ed99620 Exception <a 'java/lang/NoSuchMethodError'{0x0000000713052580}: 'java.lang.Object java.lang.invoke.DirectMethodHandle$Holder.invokeSpecialIFC(java.lang.Object, java.lang.Object, java.lang.Object, java.lang.Object)'> (0x0000000713052580) 
thrown [s\open\src\hotspot\share\interpreter\linkResolver.cpp, line 805]
Event: 3.355 Thread 0x000002657ed99620 Exception <a 'java/lang/NoSuchMethodError'{0x0000000713062f40}: 'java.lang.Object java.lang.invoke.DirectMethodHandle$Holder.invokeVirtual(java.lang.Object, java.lang.Object, java.lang.Object, java.lang.Object)'> (0x0000000713062f40) 
thrown [s\open\src\hotspot\share\interpreter\linkResolver.cpp, line 805]
Event: 3.383 Thread 0x000002657ed99620 Exception <a 'java/lang/NoSuchMethodError'{0x0000000713179178}: 'void java.lang.invoke.DirectMethodHandle$Holder.invokeStatic(java.lang.Object, int)'> (0x0000000713179178) 
thrown [s\open\src\hotspot\share\interpreter\linkResolver.cpp, line 805]
Event: 3.384 Thread 0x000002657ed99620 Exception <a 'java/lang/NoSuchMethodError'{0x00000007131810f0}: 'void java.lang.invoke.DirectMethodHandle$Holder.invokeStaticInit(java.lang.Object, int)'> (0x00000007131810f0) 
thrown [s\open\src\hotspot\share\interpreter\linkResolver.cpp, line 805]
Event: 3.463 Thread 0x000002657ed99620 Exception <a 'java/lang/NoSuchMethodError'{0x0000000712d0e9a0}: 'java.lang.Object java.lang.invoke.DirectMethodHandle$Holder.newInvokeSpecial(java.lang.Object, java.lang.Object, java.lang.Object, int)'> (0x0000000712d0e9a0) 
thrown [s\open\src\hotspot\share\interpreter\linkResolver.cpp, line 805]
Event: 3.464 Thread 0x000002657ed99620 Exception <a 'java/lang/NoSuchMethodError'{0x0000000712d173f0}: 'java.lang.Object java.lang.invoke.Invokers$Holder.linkToTargetMethod(java.lang.Object, java.lang.Object, int, java.lang.Object)'> (0x0000000712d173f0) 
thrown [s\open\src\hotspot\share\interpreter\linkResolver.cpp, line 805]
Event: 3397.205 Thread 0x000002657f7240f0 Exception <a 'java/lang/NoSuchMethodError'{0x00000007fff57be8}: 'long java.lang.invoke.DirectMethodHandle$Holder.invokeStatic(java.lang.Object, java.lang.Object)'> (0x00000007fff57be8) 
thrown [s\open\src\hotspot\share\interpreter\linkResolver.cpp, line 805]
Event: 3397.320 Thread 0x000002657f7240f0 Exception <a 'java/lang/NoSuchMethodError'{0x00000007fff5fbe8}: 'long java.lang.invoke.DirectMethodHandle$Holder.invokeStaticInit(java.lang.Object, java.lang.Object)'> (0x00000007fff5fbe8) 
thrown [s\open\src\hotspot\share\interpreter\linkResolver.cpp, line 805]
Event: 3397.343 Thread 0x000002657f7240f0 Exception <a 'java/lang/NoSuchMethodError'{0x00000007fff68078}: 'java.lang.Object java.lang.invoke.DirectMethodHandle$Holder.invokeStatic(java.lang.Object, long, java.lang.Object)'> (0x00000007fff68078) 
thrown [s\open\src\hotspot\share\interpreter\linkResolver.cpp, line 805]
Event: 3397.358 Thread 0x000002657f7240f0 Exception <a 'java/lang/NoSuchMethodError'{0x00000007fff703e8}: 'java.lang.Object java.lang.invoke.DirectMethodHandle$Holder.invokeStaticInit(java.lang.Object, long, java.lang.Object)'> (0x00000007fff703e8) 
thrown [s\open\src\hotspot\share\interpreter\linkResolver.cpp, line 805]
Event: 3397.376 Thread 0x000002657f7240f0 Exception <a 'java/lang/NoSuchMethodError'{0x00000007fff785f0}: 'java.lang.Object java.lang.invoke.DirectMethodHandle$Holder.invokeStaticInit(java.lang.Object, long)'> (0x00000007fff785f0) 
thrown [s\open\src\hotspot\share\interpreter\linkResolver.cpp, line 805]

VM Operations (20 events):
Event: 2406.135 Executing VM operation: RendezvousGCThreads
Event: 2406.135 Executing VM operation: RendezvousGCThreads done
Event: 2586.445 Executing VM operation: HandshakeAllThreads (HandshakeForDeflation)
Event: 2586.445 Executing VM operation: HandshakeAllThreads (HandshakeForDeflation) done
Event: 2586.445 Executing VM operation: RendezvousGCThreads
Event: 2586.445 Executing VM operation: RendezvousGCThreads done
Event: 2965.273 Executing VM operation: HandshakeAllThreads (HandshakeForDeflation)
Event: 2965.273 Executing VM operation: HandshakeAllThreads (HandshakeForDeflation) done
Event: 2965.274 Executing VM operation: RendezvousGCThreads
Event: 2965.274 Executing VM operation: RendezvousGCThreads done
Event: 3145.696 Executing VM operation: HandshakeAllThreads (HandshakeForDeflation)
Event: 3145.697 Executing VM operation: HandshakeAllThreads (HandshakeForDeflation) done
Event: 3145.697 Executing VM operation: RendezvousGCThreads
Event: 3145.697 Executing VM operation: RendezvousGCThreads done
Event: 3395.797 Executing VM operation: HandshakeAllThreads (Deoptimize)
Event: 3395.798 Executing VM operation: HandshakeAllThreads (Deoptimize) done
Event: 3397.143 Executing VM operation: HandshakeAllThreads (Deoptimize)
Event: 3397.143 Executing VM operation: HandshakeAllThreads (Deoptimize) done
Event: 3397.761 Executing VM operation: HandshakeAllThreads (Deoptimize)
Event: 3397.761 Executing VM operation: HandshakeAllThreads (Deoptimize) done

Memory protections (0 events):
No events

Nmethod flushes (0 events):
No events

Events (20 events):
Event: 62.726 Thread 0x000002657ed98030 Thread exited: 0x000002657ed98030
Event: 62.746 Thread 0x000002657ed94d00 Thread exited: 0x000002657ed94d00
Event: 62.767 Thread 0x000002657ed962f0 Thread exited: 0x000002657ed962f0
Event: 62.790 Thread 0x000002653c7fd580 Thread exited: 0x000002653c7fd580
Event: 62.810 Thread 0x000002657ed95450 Thread exited: 0x000002657ed95450
Event: 62.831 Thread 0x000002657ed97190 Thread exited: 0x000002657ed97190
Event: 62.851 Thread 0x000002657ed95ba0 Thread exited: 0x000002657ed95ba0
Event: 62.871 Thread 0x000002657ed93e60 Thread exited: 0x000002657ed93e60
Event: 62.891 Thread 0x000002657ed99d70 Thread exited: 0x000002657ed99d70
Event: 62.913 Thread 0x000002657ed945b0 Thread exited: 0x000002657ed945b0
Event: 2345.908 Thread 0x000002657f724840 Thread added: 0x000002657f722b00
Event: 2347.608 Thread 0x000002657f722b00 Thread exited: 0x000002657f722b00
Event: 2578.129 Thread 0x000002657f724840 Thread added: 0x000002657f721c60
Event: 2579.738 Thread 0x000002657f721c60 Thread exited: 0x000002657f721c60
Event: 2905.013 Thread 0x000002657f724840 Thread added: 0x000002657f723250
Event: 2906.605 Thread 0x000002657f723250 Thread exited: 0x000002657f723250
Event: 3096.864 Thread 0x000002657f724840 Thread added: 0x000002657f7239a0
Event: 3097.890 Thread 0x000002657f7239a0 Thread exited: 0x000002657f7239a0
Event: 3392.789 Thread 0x000002657f724840 Thread added: 0x000002657f722b00
Event: 3393.360 Thread 0x000002657f724840 Thread added: 0x000002657f7240f0


Dynamic libraries:
0x00007ff73bb80000 - 0x00007ff73bb90000 	C:\Program Files\Java\jdk-24\bin\java.exe
0x00007ffe65de0000 - 0x00007ffe66048000 	C:\WINDOWS\SYSTEM32\ntdll.dll
0x00007ffe65260000 - 0x00007ffe65329000 	C:\WINDOWS\System32\KERNEL32.DLL
0x00007ffe63030000 - 0x00007ffe63422000 	C:\WINDOWS\System32\KERNELBASE.dll
0x00007ffe638f0000 - 0x00007ffe63a3b000 	C:\WINDOWS\System32\ucrtbase.dll
0x00007ffe3feb0000 - 0x00007ffe3fecb000 	C:\Program Files\Java\jdk-24\bin\VCRUNTIME140.dll
0x00007ffe55730000 - 0x00007ffe55746000 	C:\Program Files\Java\jdk-24\bin\jli.dll
0x00007ffe64a80000 - 0x00007ffe64c45000 	C:\WINDOWS\System32\USER32.dll
0x00007ffe469b0000 - 0x00007ffe46c43000 	C:\WINDOWS\WinSxS\amd64_microsoft.windows.common-controls_6595b64144ccf1df_6.0.26100.6899_none_3e0efeeae32e88c1\COMCTL32.dll
0x00007ffe638c0000 - 0x00007ffe638e7000 	C:\WINDOWS\System32\win32u.dll
0x00007ffe656a0000 - 0x00007ffe65749000 	C:\WINDOWS\System32\msvcrt.dll
0x00007ffe658b0000 - 0x00007ffe658db000 	C:\WINDOWS\System32\GDI32.dll
0x00007ffe635b0000 - 0x00007ffe636dd000 	C:\WINDOWS\System32\gdi32full.dll
0x00007ffe636e0000 - 0x00007ffe63783000 	C:\WINDOWS\System32\msvcp_win.dll
0x00007ffe643b0000 - 0x00007ffe643df000 	C:\WINDOWS\System32\IMM32.DLL
0x00007ffe55700000 - 0x00007ffe5570c000 	C:\Program Files\Java\jdk-24\bin\vcruntime140_1.dll
0x00007ffe31bb0000 - 0x00007ffe31c3e000 	C:\Program Files\Java\jdk-24\bin\msvcp140.dll
0x00007ffd7b6c0000 - 0x00007ffd7c462000 	C:\Program Files\Java\jdk-24\bin\server\jvm.dll
0x00007ffe648a0000 - 0x00007ffe64954000 	C:\WINDOWS\System32\ADVAPI32.dll
0x00007ffe64960000 - 0x00007ffe64a06000 	C:\WINDOWS\System32\sechost.dll
0x00007ffe659a0000 - 0x00007ffe65ab8000 	C:\WINDOWS\System32\RPCRT4.dll
0x00007ffe65750000 - 0x00007ffe657c4000 	C:\WINDOWS\System32\WS2_32.dll
0x00007ffe62b70000 - 0x00007ffe62bce000 	C:\WINDOWS\SYSTEM32\POWRPROF.dll
0x00007ffe46e80000 - 0x00007ffe46eb5000 	C:\WINDOWS\SYSTEM32\WINMM.dll
0x00007ffe455e0000 - 0x00007ffe455eb000 	C:\WINDOWS\SYSTEM32\VERSION.dll
0x00007ffe62b50000 - 0x00007ffe62b64000 	C:\WINDOWS\SYSTEM32\UMPDC.dll
0x00007ffe61bd0000 - 0x00007ffe61beb000 	C:\WINDOWS\SYSTEM32\kernel.appcore.dll
0x00007ffe3fea0000 - 0x00007ffe3feaa000 	C:\Program Files\Java\jdk-24\bin\jimage.dll
0x00007ffe60440000 - 0x00007ffe60682000 	C:\WINDOWS\SYSTEM32\DBGHELP.DLL
0x00007ffe64420000 - 0x00007ffe6479b000 	C:\WINDOWS\System32\combase.dll
0x00007ffe64c50000 - 0x00007ffe64d27000 	C:\WINDOWS\System32\OLEAUT32.dll
0x00007ffe36e00000 - 0x00007ffe36e3c000 	C:\WINDOWS\SYSTEM32\dbgcore.DLL
0x00007ffe63790000 - 0x00007ffe63828000 	C:\WINDOWS\System32\bcryptPrimitives.dll
0x00007ffe3fe80000 - 0x00007ffe3fe9e000 	C:\Program Files\Java\jdk-24\bin\java.dll
0x00007ffe65500000 - 0x00007ffe65698000 	C:\WINDOWS\System32\ole32.dll
0x00007ffe63c60000 - 0x00007ffe643ad000 	C:\WINDOWS\System32\SHELL32.dll
0x00007ffe63a40000 - 0x00007ffe63bab000 	C:\WINDOWS\System32\wintypes.dll
0x00007ffe60840000 - 0x00007ffe6109d000 	C:\WINDOWS\SYSTEM32\windows.storage.dll
0x00007ffe647a0000 - 0x00007ffe64892000 	C:\WINDOWS\System32\SHCORE.dll
0x00007ffe64a10000 - 0x00007ffe64a72000 	C:\WINDOWS\System32\shlwapi.dll
0x00007ffe62e90000 - 0x00007ffe62eb9000 	C:\WINDOWS\SYSTEM32\profapi.dll
0x00007ffe265b0000 - 0x00007ffe26687000 	C:\Program Files\Java\jdk-24\bin\jsvml.dll
0x00007ffe3fe70000 - 0x00007ffe3fe80000 	C:\Program Files\Java\jdk-24\bin\net.dll
0x00007ffe62250000 - 0x00007ffe622bb000 	C:\WINDOWS\system32\mswsock.dll
0x00007ffe3fa50000 - 0x00007ffe3fa66000 	C:\Program Files\Java\jdk-24\bin\nio.dll
0x00007ffe3f360000 - 0x00007ffe3f377000 	C:\Program Files\Java\jdk-24\bin\zip.dll
0x00007ffe62630000 - 0x00007ffe6264b000 	C:\WINDOWS\SYSTEM32\CRYPTSP.dll
0x00007ffe61b30000 - 0x00007ffe61b6b000 	C:\WINDOWS\system32\rsaenh.dll
0x00007ffe622f0000 - 0x00007ffe6231b000 	C:\WINDOWS\SYSTEM32\USERENV.dll
0x00007ffe62e60000 - 0x00007ffe62e86000 	C:\WINDOWS\SYSTEM32\bcrypt.dll
0x00007ffe62610000 - 0x00007ffe6261c000 	C:\WINDOWS\SYSTEM32\CRYPTBASE.dll
0x00007ffe61470000 - 0x00007ffe614a4000 	C:\WINDOWS\SYSTEM32\IPHLPAPI.DLL
0x00007ffe65330000 - 0x00007ffe6533a000 	C:\WINDOWS\System32\NSI.dll
0x00007ffe61e20000 - 0x00007ffe61e56000 	C:\WINDOWS\SYSTEM32\ntmarta.dll
0x00007ffdf3bc0000 - 0x00007ffdf3bd8000 	C:\WINDOWS\system32\napinsp.dll
0x00007ffe614b0000 - 0x00007ffe615d6000 	C:\WINDOWS\SYSTEM32\DNSAPI.dll
0x00007ffdf2590000 - 0x00007ffdf25a2000 	C:\WINDOWS\System32\winrnr.dll
0x00007ffe35260000 - 0x00007ffe35288000 	C:\WINDOWS\system32\nlansp_c.dll
0x00007ffe18df0000 - 0x00007ffe18e06000 	C:\WINDOWS\system32\wshbth.dll
0x00007ffe4cb30000 - 0x00007ffe4cb3b000 	C:\Windows\System32\rasadhlp.dll
0x00007ffe56410000 - 0x00007ffe56496000 	C:\WINDOWS\System32\fwpuclnt.dll
0x00007ffe556f0000 - 0x00007ffe556f9000 	C:\Program Files\Java\jdk-24\bin\extnet.dll
0x00007ffe55690000 - 0x00007ffe5569e000 	C:\Program Files\Java\jdk-24\bin\sunmscapi.dll
0x00007ffe63430000 - 0x00007ffe635a7000 	C:\WINDOWS\System32\CRYPT32.dll
0x00007ffe627f0000 - 0x00007ffe62820000 	C:\WINDOWS\SYSTEM32\ncrypt.dll
0x00007ffe627a0000 - 0x00007ffe627df000 	C:\WINDOWS\SYSTEM32\NTASN1.dll
0x00007ffe36440000 - 0x00007ffe36448000 	C:\WINDOWS\system32\wshunix.dll
0x00007ffe26430000 - 0x00007ffe265af000 	C:\Program Files\Java\jdk-24\bin\awt.dll
0x00007ffe5f5a0000 - 0x00007ffe5f63f000 	C:\WINDOWS\SYSTEM32\apphelp.dll
0x00007ffe5f860000 - 0x00007ffe5f90a000 	C:\WINDOWS\system32\uxtheme.dll
0x00007ffe65340000 - 0x00007ffe6549b000 	C:\WINDOWS\System32\MSCTF.dll
0x00007ffe5f660000 - 0x00007ffe5f68a000 	C:\WINDOWS\system32\Wtsapi32.dll
0x00007ffe61fa0000 - 0x00007ffe61fe9000 	C:\WINDOWS\SYSTEM32\SspiCli.dll
0x00007ffe62730000 - 0x00007ffe62793000 	C:\WINDOWS\SYSTEM32\WINSTA.dll
0x00007ffe606b0000 - 0x00007ffe607b4000 	C:\WINDOWS\SYSTEM32\PROPSYS.dll
0x00007ffe47980000 - 0x00007ffe47b60000 	C:\WINDOWS\SYSTEM32\urlmon.dll
0x00007ffe476b0000 - 0x00007ffe47975000 	C:\WINDOWS\SYSTEM32\iertutil.dll
0x00007ffe47680000 - 0x00007ffe476a9000 	C:\WINDOWS\SYSTEM32\srvcli.dll
0x00007ffe61320000 - 0x00007ffe6132d000 	C:\WINDOWS\SYSTEM32\netutils.dll
0x00007ffe658e0000 - 0x00007ffe65991000 	C:\WINDOWS\System32\clbcatq.dll
0x00007ffe28cd0000 - 0x00007ffe28cef000 	C:\Windows\System32\Windows.Shell.ServiceHostBuilder.dll
0x00007ffe4a4a0000 - 0x00007ffe4aaee000 	C:\Windows\System32\OneCoreUAPCommonProxyStub.dll
0x00007ffe27dc0000 - 0x00007ffe27f3b000 	C:\Windows\System32\Windows.System.Launcher.dll
0x00007ffe4bf60000 - 0x00007ffe4bf7a000 	C:\WINDOWS\SYSTEM32\windows.staterepositorycore.dll
0x00007ffda9bc0000 - 0x00007ffda9c07000 	C:\WINDOWS\SYSTEM32\msIso.dll
0x00007ffe5f650000 - 0x00007ffe5f65d000 	C:\WINDOWS\SYSTEM32\Secur32.dll
0x00007ffe5f550000 - 0x00007ffe5f594000 	C:\WINDOWS\SYSTEM32\MLANG.dll
0x00007ffe29e70000 - 0x00007ffe2a0f9000 	C:\WINDOWS\SYSTEM32\WININET.dll
0x00007ffe26330000 - 0x00007ffe263f4000 	C:\Windows\System32\Windows.StateRepositoryPS.dll
0x00007ffe45000000 - 0x00007ffe45047000 	C:\WINDOWS\SYSTEM32\windows.staterepositoryclient.dll
0x00007ffe492c0000 - 0x00007ffe493d8000 	C:\WINDOWS\SYSTEM32\mrmcorer.dll
0x00007ffe49120000 - 0x00007ffe49154000 	C:\WINDOWS\SYSTEM32\bcp47mrm.dll
0x00007ffe49160000 - 0x00007ffe492b0000 	C:\Windows\System32\Windows.UI.dll
0x00007ffe27400000 - 0x00007ffe27429000 	C:\WINDOWS\SYSTEM32\edputil.dll
0x00007ffe62c10000 - 0x00007ffe62c67000 	C:\WINDOWS\SYSTEM32\CFGMGR32.dll
0x00007ffe5fc40000 - 0x00007ffe5fc6d000 	C:\WINDOWS\system32\DWMAPI.DLL
0x00007ffdf1550000 - 0x00007ffdf165c000 	C:\WINDOWS\system32\opengl32.dll
0x00007ffe45710000 - 0x00007ffe4573d000 	C:\WINDOWS\SYSTEM32\GLU32.dll
0x00007ffe5fc70000 - 0x00007ffe5fcb4000 	C:\WINDOWS\SYSTEM32\dxcore.dll

JVMTI agents: none

dbghelp: loaded successfully - version: 4.0.5 - missing functions: none
symbol engine: initialized successfully - sym options: 0x614 - pdb path: .;C:\Program Files\Java\jdk-24\bin;C:\WINDOWS\SYSTEM32;C:\WINDOWS\WinSxS\amd64_microsoft.windows.common-controls_6595b64144ccf1df_6.0.26100.6899_none_3e0efeeae32e88c1;C:\Program Files\Java\jdk-24\bin\server

VM Arguments:
java_command: io.qameta.allure.CommandLine serve C:\Users\OluwasegunOjeyinka\PycharmProjects\AdminELPortal\AllureReport
java_class_path (initial): C:\allure-2.34.0\allure-2.34.0\lib\allure-commandline-2.34.0.jar;C:\allure-2.34.0\allure-2.34.0\lib\allure-generator-2.34.0.jar;C:\allure-2.34.0\allure-2.34.0\lib\allure-model-2.29.1.jar;C:\allure-2.34.0\allure-2.34.0\lib\allure-plugin-api-2.34.0.jar;C:\allure-2.34.0\allure-2.34.0\lib\allure1-model-1.0.jar;C:\allure-2.34.0\allure-2.34.0\lib\annotations-15.0.jar;C:\allure-2.34.0\allure-2.34.0\lib\commons-beanutils-1.10.1.jar;C:\allure-2.34.0\allure-2.34.0\lib\commons-codec-1.11.jar;C:\allure-2.34.0\allure-2.34.0\lib\commons-collections-3.2.2.jar;C:\allure-2.34.0\allure-2.34.0\lib\commons-collections4-4.4.jar;C:\allure-2.34.0\allure-2.34.0\lib\commons-io-2.18.0.jar;C:\allure-2.34.0\allure-2.34.0\lib\commons-lang3-3.17.0.jar;C:\allure-2.34.0\allure-2.34.0\lib\commons-logging-1.3.4.jar;C:\allure-2.34.0\allure-2.34.0\lib\commons-text-1.11.0.jar;C:\allure-2.34.0\allure-2.34.0\lib\flexmark-0.62.2.jar;C:\allure-2.34.0\allure-2.34.0\lib\flexmark-ext-tables-0.62.2.jar;C:\allure-2.34.0\allure-2.34.0\lib\flexmark-util-0.62.2.jar;C:\allure-2.34.0\allure-2.34.0\lib\flexmark-util-ast-0.62.2.jar;C:\allure-2.34.0\allure-2.34.0\lib\flexmark-util-builder-0.62.2.jar;C:\allure-2.34.0\allure-2.34.0\lib\flexmark-util-collection-0.62.2.jar;C:\allure-2.34.0\allure-2.34.0\lib\flexmark-util-data-0.62.2.jar;C:\allure-2.34.0\allure-2.34.0\lib\flexmark-util-dependency-0.62.2.jar;C:\allure-2.34.0\allure-2.34.0\lib\flexmark-util-format-0.62.2.jar;C:\allure-2.34.0\allure-2.34.0\lib\flexmark-util-html-0.62.2.jar;C:\allure-2.34.0\allure-2.34.0\lib\flexmark-util-misc-0.62.2.jar;C:\allure-2.34.0\allure-2.34.0\lib\flexmark-util-options-0.62.2.jar;C:\allure-2.34.0\allure-2.34.0\lib\flexmark-util-sequence-0.62.2.jar;C:\allure-2.34.0\allure-2.34.0\lib\flexmark-util-visitor-0.62.2.jar;C:\allure-2.34.0\allure-2.34.0\lib\freemarker-2.3.34.jar;C:\allure-2.34.0\allure-2.34.0\lib\httpclient-4.5.14.jar;C:\allure-2.34.0\allure-2.34.0\lib\httpcore-4.4.16.jar;C:\allure-2.34.0\allure-2.34.0\lib\jackson-annotations-2.18.3.jar;C:\allure-2.34.0\allure-2.34.0\lib\jackson-core-2.18.3.jar;C:\allure-2.34.0\allure-2.34.0\lib\jackson-databind-2.18.3.jar;C:\allure-2.34.0\allure-2.34.0\lib\jackson-dataformat-xml-2.18.3.jar;C:\allure-2.34.0\allure-2.34.0\lib\jackson-dataformat-yaml-2.18.3.jar;C:\allure-2.34.0\allure-2.34.0\lib\jackson-module-jaxb-annotations-2.18.3.jar;C:\allure-2.34.0\allure-2.34.0\lib\jakarta.activation-api-1.2.2.jar;C:\allure-2.34.0\allure-2.34.0\lib\javax.activation-api-1.2.0.jar;C:\allure-2.34.0\allure-2.34.0\lib\jaxb-api-2.3.1.jar;C:\allure-2.34.0\allure-2.34.0\lib\jaxb-utils-1.0.jar;C:\allure-2.34.0\allure-2.34.0\lib\jcommander-1.82.jar;C:\allure-2.34.0\allure-2.34.0\lib\logback-classic-1.3.15.jar;C:\allure-2.34.0\allure-2.34.0\lib\logback-core-1.3.15.jar;C:\allure-2.34.0\allure-2.34.0\lib\opencsv-5.9.jar;C:\allure-2.34.0\allure-2.34.0\lib\properties-2.0.RC5.jar;C:\allure-2.34.0\allure-2.34.0\lib\slf4j-api-2.0.17.jar;C:\allure-2.34.0\allure-2.34.0\lib\snakeyaml-2.3.jar;C:\allure-2.34.0\allure-2.34.0\lib\stax2-api-4.2.2.jar;C:\allure-2.34.0\allure-2.34.0\lib\tika-core-2.9.3.jar;C:\allure-2.34.0\allure-2.34.0\lib\woodstox-core-7.0.0.jar;C:\allure-2.34.0\allure-2.34.0\lib\config
Launcher Type: SUN_STANDARD

[Global flags]
     intx CICompilerCount                          = 4                                         {product} {ergonomic}
     uint ConcGCThreads                            = 3                                         {product} {ergonomic}
     uint G1ConcRefinementThreads                  = 11                                        {product} {ergonomic}
   size_t G1HeapRegionSize                         = 2097152                                   {product} {ergonomic}
   size_t InitialHeapSize                          = 260046848                                 {product} {ergonomic}
   size_t MarkStackSize                            = 4194304                                   {product} {ergonomic}
   size_t MarkStackSizeMax                         = 536870912                                 {product} {ergonomic}
   size_t MaxHeapSize                              = 4150263808                                {product} {ergonomic}
   size_t MaxNewSize                               = 2489319424                                {product} {ergonomic}
   size_t MinHeapDeltaBytes                        = 2097152                                   {product} {ergonomic}
   size_t MinHeapSize                              = 8388608                                   {product} {ergonomic}
    uintx NonNMethodCodeHeapSize                   = 5832704                                {pd product} {ergonomic}
    uintx NonProfiledCodeHeapSize                  = 122945536                              {pd product} {ergonomic}
    uintx ProfiledCodeHeapSize                     = 122880000                              {pd product} {ergonomic}
    uintx ReservedCodeCacheSize                    = 251658240                              {pd product} {ergonomic}
     bool SegmentedCodeCache                       = true                                      {product} {ergonomic}
   size_t SoftMaxHeapSize                          = 4150263808                             {manageable} {ergonomic}
     bool UseCompressedOops                        = true                           {product lp64_product} {ergonomic}
     bool UseG1GC                                  = true                                      {product} {ergonomic}
     bool UseLargePagesIndividualAllocation        = false                                  {pd product} {ergonomic}

Logging:
Log output configuration:
 #0: stdout all=warning uptime,level,tags foldmultilines=false
 #1: stderr all=off uptime,level,tags foldmultilines=false

Environment Variables:
JAVA_HOME=C:\Program Files\Java\jdk-24
CLASSPATH=C:\allure-2.34.0\allure-2.34.0\lib\*;C:\allure-2.34.0\allure-2.34.0\lib\config
PATH=C:\Program Files\Common Files\Oracle\Java\javapath;C:\WINDOWS\system32;C:\WINDOWS;C:\WINDOWS\System32\Wbem;C:\WINDOWS\System32\WindowsPowerShell\v1.0\;C:\WINDOWS\System32\OpenSSH\;C:\Program Files (x86)\dotnet-core-uninstall\;C:\Program Files (x86)\CheckPoint\Endpoint Security\Endpoint Common\bin;C:\Program Files\dotnet\;C:\Program Files\Java\jdk-24\bin;C:\Program Files\Docker\Docker\resources\bin;C:\Program Files\Git\cmd;C:\allure-2.34.0\allure-2.34.0\bin;C:\Kubectl;C:\Program Files\Kubernetes\Minikube;C:\Program Files\apache-maven-3.9.11\bin;C:\apache-jmeter-5.6.3\bin;C:\Users\OluwasegunOjeyinka\AppData\Local\Programs\Python\Python313\Scripts\;C:\Users\OluwasegunOjeyinka\AppData\Local\Programs\Python\Python311\Scripts\;C:\Users\OluwasegunOjeyinka\AppData\Local\Programs\Python\Python311\;C:\Users\OluwasegunOjeyinka\AppData\Local\Programs\Python\Python313\Scripts\;C:\Users\OluwasegunOjeyinka\AppData\Local\Programs\Python\Python313\;C:\Users\OluwasegunOjeyinka\AppData\Local\Programs\Python\Launcher\;C:\Users\OluwasegunOjeyinka\AppData\Local\Microsoft\WindowsApps;;C:\Users\OluwasegunOjeyinka\AppData\Local\JetBrains\PyCharm Community Edition 2025.1\bin;
USERNAME=OluwasegunOjeyinka
OS=Windows_NT
PROCESSOR_IDENTIFIER=Intel64 Family 6 Model 170 Stepping 4, GenuineIntel
TMP=C:\Users\OLUWAS~1\AppData\Local\Temp
TEMP=C:\Users\OLUWAS~1\AppData\Local\Temp




Periodic native trim disabled

---------------  S Y S T E M  ---------------

OS:
 Windows 11 , 64 bit Build 26100 (10.0.26100.6725)
OS uptime: 1 days 6:17 hours
Hyper-V role detected

CPU: total 14 (initial active 14) (7 cores per cpu, 2 threads per core) family 6 model 170 stepping 4 microcode 0x24, cx8, cmov, fxsr, ht, mmx, 3dnowpref, sse, sse2, sse3, ssse3, sse4.1, sse4.2, popcnt, lzcnt, tsc, tscinvbit, avx, avx2, aes, erms, clmul, bmi1, bmi2, adx, sha, fma, vzeroupper, clflush, clflushopt, clwb, hv, serialize, rdtscp, rdpid, fsrm, gfni, f16c, cet_ibt, cet_ss
Processor Information for processor 0
  Max Mhz: 1700, Current Mhz: 1700, Mhz Limit: 1700
Processor Information for processor 1
  Max Mhz: 1700, Current Mhz: 1700, Mhz Limit: 1700
Processor Information for processor 2
  Max Mhz: 1200, Current Mhz: 1200, Mhz Limit: 1200
Processor Information for processor 3
  Max Mhz: 1200, Current Mhz: 1200, Mhz Limit: 1200
Processor Information for processor 4
  Max Mhz: 1200, Current Mhz: 1200, Mhz Limit: 1200
Processor Information for processor 5
  Max Mhz: 1200, Current Mhz: 1200, Mhz Limit: 1200
Processor Information for processor 6
  Max Mhz: 1200, Current Mhz: 1200, Mhz Limit: 1200
Processor Information for processor 7
  Max Mhz: 1200, Current Mhz: 1200, Mhz Limit: 1200
Processor Information for processor 8
  Max Mhz: 1200, Current Mhz: 1200, Mhz Limit: 1200
Processor Information for processor 9
  Max Mhz: 1200, Current Mhz: 1200, Mhz Limit: 1200
Processor Information for processor 10
  Max Mhz: 1700, Current Mhz: 1700, Mhz Limit: 1700
Processor Information for processor 11
  Max Mhz: 1700, Current Mhz: 1700, Mhz Limit: 1700
Processor Information for processor 12
  Max Mhz: 2100, Current Mhz: 700, Mhz Limit: 693
Processor Information for processor 13
  Max Mhz: 2100, Current Mhz: 700, Mhz Limit: 693

Memory: 4k page, system-wide physical 15828M (3288M free)
TotalPageFile size 34260M (AvailPageFile size 8876M)
current process WorkingSet (physical memory assigned to process): 44M, peak: 203M
current process commit charge ("private bytes"): 197M, peak: 449M

vm_info: Java HotSpot(TM) 64-Bit Server VM (24.0.1+9-30) for windows-amd64 JRE (24.0.1+9-30), built on 2025-03-05T07:23:45Z with MS VC++ 17.6 (VS2022)

END.
